CRITICAL - 2022-11-03 00:36:09 --> syntax error, unexpected end of file
#0 C:\xampp\htdocs\poss\system\View\View.php(213): CodeIgniter\View\View->CodeIgniter\View\{closure}()
#1 C:\xampp\htdocs\poss\system\Common.php(1089): CodeIgniter\View\View->render('product', Array, true)
#2 C:\xampp\htdocs\poss\app\Controllers\Home.php(15): view('product', Array)
#3 C:\xampp\htdocs\poss\system\CodeIgniter.php(832): App\Controllers\Home->index()
#4 C:\xampp\htdocs\poss\system\CodeIgniter.php(419): CodeIgniter\CodeIgniter->runController(Object(App\Controllers\Home))
#5 C:\xampp\htdocs\poss\system\CodeIgniter.php(326): CodeIgniter\CodeIgniter->handleRequest(NULL, Object(Config\Cache), false)
#6 C:\xampp\htdocs\poss\public\index.php(37): CodeIgniter\CodeIgniter->run()
#7 C:\xampp\htdocs\poss\system\Commands\Server\rewrite.php(43): require_once('C:\\xampp\\htdocs...')
#8 {main}
CRITICAL - 2022-11-03 00:36:44 --> syntax error, unexpected end of file
#0 C:\xampp\htdocs\poss\system\View\View.php(213): CodeIgniter\View\View->CodeIgniter\View\{closure}()
#1 C:\xampp\htdocs\poss\system\Common.php(1089): CodeIgniter\View\View->render('product', Array, true)
#2 C:\xampp\htdocs\poss\app\Controllers\Home.php(15): view('product', Array)
#3 C:\xampp\htdocs\poss\system\CodeIgniter.php(832): App\Controllers\Home->index()
#4 C:\xampp\htdocs\poss\system\CodeIgniter.php(419): CodeIgniter\CodeIgniter->runController(Object(App\Controllers\Home))
#5 C:\xampp\htdocs\poss\system\CodeIgniter.php(326): CodeIgniter\CodeIgniter->handleRequest(NULL, Object(Config\Cache), false)
#6 C:\xampp\htdocs\poss\public\index.php(37): CodeIgniter\CodeIgniter->run()
#7 C:\xampp\htdocs\poss\system\Commands\Server\rewrite.php(43): require_once('C:\\xampp\\htdocs...')
#8 {main}
CRITICAL - 2022-11-03 00:37:27 --> syntax error, unexpected '<', expecting end of file
#0 C:\xampp\htdocs\poss\system\View\View.php(213): CodeIgniter\View\View->CodeIgniter\View\{closure}()
#1 C:\xampp\htdocs\poss\system\Common.php(1089): CodeIgniter\View\View->render('product', Array, true)
#2 C:\xampp\htdocs\poss\app\Controllers\Home.php(15): view('product', Array)
#3 C:\xampp\htdocs\poss\system\CodeIgniter.php(832): App\Controllers\Home->index()
#4 C:\xampp\htdocs\poss\system\CodeIgniter.php(419): CodeIgniter\CodeIgniter->runController(Object(App\Controllers\Home))
#5 C:\xampp\htdocs\poss\system\CodeIgniter.php(326): CodeIgniter\CodeIgniter->handleRequest(NULL, Object(Config\Cache), false)
#6 C:\xampp\htdocs\poss\public\index.php(37): CodeIgniter\CodeIgniter->run()
#7 C:\xampp\htdocs\poss\system\Commands\Server\rewrite.php(43): require_once('C:\\xampp\\htdocs...')
#8 {main}
