CRITICAL - 2022-11-22 00:15:06 --> syntax error, unexpected ','
#0 C:\xampp\htdocs\poss\system\View\View.php(213): CodeIgniter\View\View->CodeIgniter\View\{closure}()
#1 C:\xampp\htdocs\poss\system\Common.php(1089): CodeIgniter\View\View->render('transaksi', Array, true)
#2 C:\xampp\htdocs\poss\app\Controllers\Home.php(201): view('transaksi', Array)
#3 C:\xampp\htdocs\poss\system\CodeIgniter.php(832): App\Controllers\Home->transaksi()
#4 C:\xampp\htdocs\poss\system\CodeIgniter.php(419): CodeIgniter\CodeIgniter->runController(Object(App\Controllers\Home))
#5 C:\xampp\htdocs\poss\system\CodeIgniter.php(326): CodeIgniter\CodeIgniter->handleRequest(NULL, Object(Config\Cache), false)
#6 C:\xampp\htdocs\poss\public\index.php(37): CodeIgniter\CodeIgniter->run()
#7 C:\xampp\htdocs\poss\system\Commands\Server\rewrite.php(43): require_once('C:\\xampp\\htdocs...')
#8 {main}
CRITICAL - 2022-11-22 00:30:18 --> syntax error, unexpected end of file, expecting function (T_FUNCTION) or const (T_CONST)
#0 C:\xampp\htdocs\poss\system\Router\Router.php(175): CodeIgniter\Router\Router->autoRoute('Home/log_out')
#1 C:\xampp\htdocs\poss\system\CodeIgniter.php(726): CodeIgniter\Router\Router->handle('Home/log_out')
#2 C:\xampp\htdocs\poss\system\CodeIgniter.php(368): CodeIgniter\CodeIgniter->tryToRouteIt(Object(CodeIgniter\Router\RouteCollection))
#3 C:\xampp\htdocs\poss\system\CodeIgniter.php(326): CodeIgniter\CodeIgniter->handleRequest(NULL, Object(Config\Cache), false)
#4 C:\xampp\htdocs\poss\public\index.php(37): CodeIgniter\CodeIgniter->run()
#5 C:\xampp\htdocs\poss\system\Commands\Server\rewrite.php(43): require_once('C:\\xampp\\htdocs...')
#6 {main}
CRITICAL - 2022-11-22 00:34:23 --> You must set the database table to be used with your query.
#0 C:\xampp\htdocs\poss\system\Model.php(545): CodeIgniter\Database\BaseConnection->table(NULL)
#1 C:\xampp\htdocs\poss\system\Model.php(722): CodeIgniter\Model->builder()
#2 C:\xampp\htdocs\poss\app\Controllers\Home.php(377): CodeIgniter\Model->__call('getWhere', Array)
#3 C:\xampp\htdocs\poss\system\CodeIgniter.php(832): App\Controllers\Home->aksi_login()
#4 C:\xampp\htdocs\poss\system\CodeIgniter.php(419): CodeIgniter\CodeIgniter->runController(Object(App\Controllers\Home))
#5 C:\xampp\htdocs\poss\system\CodeIgniter.php(326): CodeIgniter\CodeIgniter->handleRequest(NULL, Object(Config\Cache), false)
#6 C:\xampp\htdocs\poss\public\index.php(37): CodeIgniter\CodeIgniter->run()
#7 C:\xampp\htdocs\poss\system\Commands\Server\rewrite.php(43): require_once('C:\\xampp\\htdocs...')
#8 {main}
CRITICAL - 2022-11-22 01:17:51 --> syntax error, unexpected '{'
#0 C:\xampp\htdocs\poss\system\Router\Router.php(175): CodeIgniter\Router\Router->autoRoute('Home/transaksi')
#1 C:\xampp\htdocs\poss\system\CodeIgniter.php(726): CodeIgniter\Router\Router->handle('Home/transaksi')
#2 C:\xampp\htdocs\poss\system\CodeIgniter.php(368): CodeIgniter\CodeIgniter->tryToRouteIt(Object(CodeIgniter\Router\RouteCollection))
#3 C:\xampp\htdocs\poss\system\CodeIgniter.php(326): CodeIgniter\CodeIgniter->handleRequest(NULL, Object(Config\Cache), false)
#4 C:\xampp\htdocs\poss\public\index.php(37): CodeIgniter\CodeIgniter->run()
#5 C:\xampp\htdocs\poss\system\Commands\Server\rewrite.php(43): require_once('C:\\xampp\\htdocs...')
#6 {main}
CRITICAL - 2022-11-22 01:19:17 --> syntax error, unexpected '{'
#0 C:\xampp\htdocs\poss\system\Router\Router.php(175): CodeIgniter\Router\Router->autoRoute('Home/transaksi')
#1 C:\xampp\htdocs\poss\system\CodeIgniter.php(726): CodeIgniter\Router\Router->handle('Home/transaksi')
#2 C:\xampp\htdocs\poss\system\CodeIgniter.php(368): CodeIgniter\CodeIgniter->tryToRouteIt(Object(CodeIgniter\Router\RouteCollection))
#3 C:\xampp\htdocs\poss\system\CodeIgniter.php(326): CodeIgniter\CodeIgniter->handleRequest(NULL, Object(Config\Cache), false)
#4 C:\xampp\htdocs\poss\public\index.php(37): CodeIgniter\CodeIgniter->run()
#5 C:\xampp\htdocs\poss\system\Commands\Server\rewrite.php(43): require_once('C:\\xampp\\htdocs...')
#6 {main}
CRITICAL - 2022-11-22 01:20:16 --> syntax error, unexpected '{'
#0 C:\xampp\htdocs\poss\system\Router\Router.php(175): CodeIgniter\Router\Router->autoRoute('Home/transaksi')
#1 C:\xampp\htdocs\poss\system\CodeIgniter.php(726): CodeIgniter\Router\Router->handle('Home/transaksi')
#2 C:\xampp\htdocs\poss\system\CodeIgniter.php(368): CodeIgniter\CodeIgniter->tryToRouteIt(Object(CodeIgniter\Router\RouteCollection))
#3 C:\xampp\htdocs\poss\system\CodeIgniter.php(326): CodeIgniter\CodeIgniter->handleRequest(NULL, Object(Config\Cache), false)
#4 C:\xampp\htdocs\poss\public\index.php(37): CodeIgniter\CodeIgniter->run()
#5 C:\xampp\htdocs\poss\system\Commands\Server\rewrite.php(43): require_once('C:\\xampp\\htdocs...')
#6 {main}
CRITICAL - 2022-11-22 01:20:34 --> syntax error, unexpected end of file, expecting function (T_FUNCTION) or const (T_CONST)
#0 C:\xampp\htdocs\poss\system\Router\Router.php(175): CodeIgniter\Router\Router->autoRoute('Home/transaksi')
#1 C:\xampp\htdocs\poss\system\CodeIgniter.php(726): CodeIgniter\Router\Router->handle('Home/transaksi')
#2 C:\xampp\htdocs\poss\system\CodeIgniter.php(368): CodeIgniter\CodeIgniter->tryToRouteIt(Object(CodeIgniter\Router\RouteCollection))
#3 C:\xampp\htdocs\poss\system\CodeIgniter.php(326): CodeIgniter\CodeIgniter->handleRequest(NULL, Object(Config\Cache), false)
#4 C:\xampp\htdocs\poss\public\index.php(37): CodeIgniter\CodeIgniter->run()
#5 C:\xampp\htdocs\poss\system\Commands\Server\rewrite.php(43): require_once('C:\\xampp\\htdocs...')
#6 {main}
CRITICAL - 2022-11-22 01:26:57 --> You must set the database table to be used with your query.
#0 C:\xampp\htdocs\poss\system\Model.php(545): CodeIgniter\Database\BaseConnection->table(NULL)
#1 C:\xampp\htdocs\poss\system\Model.php(722): CodeIgniter\Model->builder()
#2 C:\xampp\htdocs\poss\app\Controllers\Home.php(381): CodeIgniter\Model->__call('getarray', Array)
#3 C:\xampp\htdocs\poss\system\CodeIgniter.php(832): App\Controllers\Home->aksi_login()
#4 C:\xampp\htdocs\poss\system\CodeIgniter.php(419): CodeIgniter\CodeIgniter->runController(Object(App\Controllers\Home))
#5 C:\xampp\htdocs\poss\system\CodeIgniter.php(326): CodeIgniter\CodeIgniter->handleRequest(NULL, Object(Config\Cache), false)
#6 C:\xampp\htdocs\poss\public\index.php(37): CodeIgniter\CodeIgniter->run()
#7 C:\xampp\htdocs\poss\system\Commands\Server\rewrite.php(43): require_once('C:\\xampp\\htdocs...')
#8 {main}
CRITICAL - 2022-11-22 01:31:11 --> You must set the database table to be used with your query.
#0 C:\xampp\htdocs\poss\system\Model.php(545): CodeIgniter\Database\BaseConnection->table(NULL)
#1 C:\xampp\htdocs\poss\system\Model.php(722): CodeIgniter\Model->builder()
#2 C:\xampp\htdocs\poss\app\Controllers\Home.php(381): CodeIgniter\Model->__call('getarray', Array)
#3 C:\xampp\htdocs\poss\system\CodeIgniter.php(832): App\Controllers\Home->aksi_login()
#4 C:\xampp\htdocs\poss\system\CodeIgniter.php(419): CodeIgniter\CodeIgniter->runController(Object(App\Controllers\Home))
#5 C:\xampp\htdocs\poss\system\CodeIgniter.php(326): CodeIgniter\CodeIgniter->handleRequest(NULL, Object(Config\Cache), false)
#6 C:\xampp\htdocs\poss\public\index.php(37): CodeIgniter\CodeIgniter->run()
#7 C:\xampp\htdocs\poss\system\Commands\Server\rewrite.php(43): require_once('C:\\xampp\\htdocs...')
#8 {main}
CRITICAL - 2022-11-22 01:31:15 --> You must set the database table to be used with your query.
#0 C:\xampp\htdocs\poss\system\Model.php(545): CodeIgniter\Database\BaseConnection->table(NULL)
#1 C:\xampp\htdocs\poss\system\Model.php(722): CodeIgniter\Model->builder()
#2 C:\xampp\htdocs\poss\app\Controllers\Home.php(381): CodeIgniter\Model->__call('getarray', Array)
#3 C:\xampp\htdocs\poss\system\CodeIgniter.php(832): App\Controllers\Home->aksi_login()
#4 C:\xampp\htdocs\poss\system\CodeIgniter.php(419): CodeIgniter\CodeIgniter->runController(Object(App\Controllers\Home))
#5 C:\xampp\htdocs\poss\system\CodeIgniter.php(326): CodeIgniter\CodeIgniter->handleRequest(NULL, Object(Config\Cache), false)
#6 C:\xampp\htdocs\poss\public\index.php(37): CodeIgniter\CodeIgniter->run()
#7 C:\xampp\htdocs\poss\system\Commands\Server\rewrite.php(43): require_once('C:\\xampp\\htdocs...')
#8 {main}
CRITICAL - 2022-11-22 01:33:12 --> You must set the database table to be used with your query.
#0 C:\xampp\htdocs\poss\system\Model.php(545): CodeIgniter\Database\BaseConnection->table(NULL)
#1 C:\xampp\htdocs\poss\system\Model.php(722): CodeIgniter\Model->builder()
#2 C:\xampp\htdocs\poss\app\Controllers\Home.php(381): CodeIgniter\Model->__call('getarray', Array)
#3 C:\xampp\htdocs\poss\system\CodeIgniter.php(832): App\Controllers\Home->aksi_login()
#4 C:\xampp\htdocs\poss\system\CodeIgniter.php(419): CodeIgniter\CodeIgniter->runController(Object(App\Controllers\Home))
#5 C:\xampp\htdocs\poss\system\CodeIgniter.php(326): CodeIgniter\CodeIgniter->handleRequest(NULL, Object(Config\Cache), false)
#6 C:\xampp\htdocs\poss\public\index.php(37): CodeIgniter\CodeIgniter->run()
#7 C:\xampp\htdocs\poss\system\Commands\Server\rewrite.php(43): require_once('C:\\xampp\\htdocs...')
#8 {main}
CRITICAL - 2022-11-22 01:43:34 --> syntax error, unexpected 'else' (T_ELSE), expecting end of file
#0 C:\xampp\htdocs\poss\system\View\View.php(213): CodeIgniter\View\View->CodeIgniter\View\{closure}()
#1 C:\xampp\htdocs\poss\system\Common.php(1089): CodeIgniter\View\View->render('transaksi', Array, true)
#2 C:\xampp\htdocs\poss\app\Controllers\Home.php(201): view('transaksi', Array)
#3 C:\xampp\htdocs\poss\system\CodeIgniter.php(832): App\Controllers\Home->transaksi()
#4 C:\xampp\htdocs\poss\system\CodeIgniter.php(419): CodeIgniter\CodeIgniter->runController(Object(App\Controllers\Home))
#5 C:\xampp\htdocs\poss\system\CodeIgniter.php(326): CodeIgniter\CodeIgniter->handleRequest(NULL, Object(Config\Cache), false)
#6 C:\xampp\htdocs\poss\public\index.php(37): CodeIgniter\CodeIgniter->run()
#7 C:\xampp\htdocs\poss\system\Commands\Server\rewrite.php(43): require_once('C:\\xampp\\htdocs...')
#8 {main}
CRITICAL - 2022-11-22 01:52:59 --> You must set the database table to be used with your query.
#0 C:\xampp\htdocs\poss\system\Model.php(545): CodeIgniter\Database\BaseConnection->table(NULL)
#1 C:\xampp\htdocs\poss\system\Model.php(722): CodeIgniter\Model->builder()
#2 C:\xampp\htdocs\poss\app\Controllers\Home.php(381): CodeIgniter\Model->__call('getwhere', Array)
#3 C:\xampp\htdocs\poss\system\CodeIgniter.php(832): App\Controllers\Home->aksi_login()
#4 C:\xampp\htdocs\poss\system\CodeIgniter.php(419): CodeIgniter\CodeIgniter->runController(Object(App\Controllers\Home))
#5 C:\xampp\htdocs\poss\system\CodeIgniter.php(326): CodeIgniter\CodeIgniter->handleRequest(NULL, Object(Config\Cache), false)
#6 C:\xampp\htdocs\poss\public\index.php(37): CodeIgniter\CodeIgniter->run()
#7 C:\xampp\htdocs\poss\system\Commands\Server\rewrite.php(43): require_once('C:\\xampp\\htdocs...')
#8 {main}
