CRITICAL - 2026-05-15 16:01:25 --> Call to undefined function CodeIgniter\locale_set_default()
#0 C:\xampp\htdocs\poss\poss\system\bootstrap.php(146): CodeIgniter\CodeIgniter->initialize()
#1 C:\xampp\htdocs\poss\poss\public\index.php(28): require('C:\\xampp\\htdocs...')
#2 {main}
CRITICAL - 2026-05-15 16:02:20 --> Call to undefined function CodeIgniter\locale_set_default()
#0 C:\xampp\htdocs\poss\poss\system\bootstrap.php(146): CodeIgniter\CodeIgniter->initialize()
#1 C:\xampp\htdocs\poss\poss\public\index.php(28): require('C:\\xampp\\htdocs...')
#2 {main}
CRITICAL - 2026-05-15 16:21:18 --> Call to undefined function CodeIgniter\locale_set_default()
#0 C:\xampp\htdocs\poss\poss\system\bootstrap.php(146): CodeIgniter\CodeIgniter->initialize()
#1 C:\xampp\htdocs\poss\poss\public\index.php(28): require('C:\\xampp\\htdocs...')
#2 {main}
CRITICAL - 2026-05-15 16:26:29 --> Call to undefined function CodeIgniter\locale_set_default()
#0 C:\xampp\htdocs\poss\poss\system\bootstrap.php(146): CodeIgniter\CodeIgniter->initialize()
#1 C:\xampp\htdocs\poss\poss\public\index.php(28): require('C:\\xampp\\htdocs...')
#2 {main}
CRITICAL - 2026-05-15 16:26:30 --> Call to undefined function CodeIgniter\locale_set_default()
#0 C:\xampp\htdocs\poss\poss\system\bootstrap.php(146): CodeIgniter\CodeIgniter->initialize()
#1 C:\xampp\htdocs\poss\poss\public\index.php(28): require('C:\\xampp\\htdocs...')
#2 {main}
CRITICAL - 2026-05-15 16:27:30 --> Call to undefined function CodeIgniter\locale_set_default()
#0 C:\xampp\htdocs\poss\poss\system\bootstrap.php(146): CodeIgniter\CodeIgniter->initialize()
#1 C:\xampp\htdocs\poss\poss\public\index.php(28): require('C:\\xampp\\htdocs...')
#2 {main}
CRITICAL - 2026-05-15 16:27:30 --> Call to undefined function CodeIgniter\locale_set_default()
#0 C:\xampp\htdocs\poss\poss\system\bootstrap.php(146): CodeIgniter\CodeIgniter->initialize()
#1 C:\xampp\htdocs\poss\poss\public\index.php(28): require('C:\\xampp\\htdocs...')
#2 {main}
CRITICAL - 2026-05-15 16:27:55 --> Call to undefined function CodeIgniter\locale_set_default()
#0 C:\xampp\htdocs\poss\poss\system\bootstrap.php(146): CodeIgniter\CodeIgniter->initialize()
#1 C:\xampp\htdocs\poss\poss\public\index.php(28): require('C:\\xampp\\htdocs...')
#2 {main}
CRITICAL - 2026-05-15 16:27:55 --> Call to undefined function CodeIgniter\locale_set_default()
#0 C:\xampp\htdocs\poss\poss\system\bootstrap.php(146): CodeIgniter\CodeIgniter->initialize()
#1 C:\xampp\htdocs\poss\poss\public\index.php(28): require('C:\\xampp\\htdocs...')
#2 {main}
CRITICAL - 2026-05-15 16:36:04 --> Call to undefined function CodeIgniter\locale_set_default()
#0 C:\xampp\htdocs\poss\poss\system\bootstrap.php(146): CodeIgniter\CodeIgniter->initialize()
#1 C:\xampp\htdocs\poss\poss\public\index.php(28): require('C:\\xampp\\htdocs...')
#2 {main}
CRITICAL - 2026-05-15 16:36:12 --> Call to undefined function CodeIgniter\locale_set_default()
#0 C:\xampp\htdocs\poss\poss\system\bootstrap.php(146): CodeIgniter\CodeIgniter->initialize()
#1 C:\xampp\htdocs\poss\poss\public\index.php(28): require('C:\\xampp\\htdocs...')
#2 {main}
CRITICAL - 2026-05-15 10:42:35 --> Attempt to read property "id_product" on null
#0 C:\xampp\htdocs\poss\poss\app\Views\edit_product.php(26): CodeIgniter\Debug\Exceptions->errorHandler(2, 'Attempt to read...', 'C:\\xampp\\htdocs...', 26)
#1 C:\xampp\htdocs\poss\poss\system\View\View.php(210): include('C:\\xampp\\htdocs...')
#2 C:\xampp\htdocs\poss\poss\system\View\View.php(213): CodeIgniter\View\View->CodeIgniter\View\{closure}()
#3 C:\xampp\htdocs\poss\poss\system\Common.php(1089): CodeIgniter\View\View->render('edit_product', Array, true)
#4 C:\xampp\htdocs\poss\poss\app\Controllers\Home.php(309): view('edit_product', Array)
#5 C:\xampp\htdocs\poss\poss\system\CodeIgniter.php(832): App\Controllers\Home->edit_p('images', 'img.jpg')
#6 C:\xampp\htdocs\poss\poss\system\CodeIgniter.php(419): CodeIgniter\CodeIgniter->runController(Object(App\Controllers\Home))
#7 C:\xampp\htdocs\poss\poss\system\CodeIgniter.php(326): CodeIgniter\CodeIgniter->handleRequest(NULL, Object(Config\Cache), false)
#8 C:\xampp\htdocs\poss\poss\public\index.php(37): CodeIgniter\CodeIgniter->run()
#9 C:\xampp\htdocs\poss\poss\spark_rewrite.php(44): require_once('C:\\xampp\\htdocs...')
#10 {main}
CRITICAL - 2026-05-15 10:43:13 --> Undefined variable $gas
#0 C:\xampp\htdocs\poss\poss\app\Views\transaksi.php(53): CodeIgniter\Debug\Exceptions->errorHandler(2, 'Undefined varia...', 'C:\\xampp\\htdocs...', 53)
#1 C:\xampp\htdocs\poss\poss\system\View\View.php(210): include('C:\\xampp\\htdocs...')
#2 C:\xampp\htdocs\poss\poss\system\View\View.php(213): CodeIgniter\View\View->CodeIgniter\View\{closure}()
#3 C:\xampp\htdocs\poss\poss\system\Common.php(1089): CodeIgniter\View\View->render('transaksi', Array, true)
#4 C:\xampp\htdocs\poss\poss\app\Controllers\Home.php(504): view('transaksi', Array)
#5 C:\xampp\htdocs\poss\poss\system\CodeIgniter.php(832): App\Controllers\Home->transaksi()
#6 C:\xampp\htdocs\poss\poss\system\CodeIgniter.php(419): CodeIgniter\CodeIgniter->runController(Object(App\Controllers\Home))
#7 C:\xampp\htdocs\poss\poss\system\CodeIgniter.php(326): CodeIgniter\CodeIgniter->handleRequest(NULL, Object(Config\Cache), false)
#8 C:\xampp\htdocs\poss\poss\public\index.php(37): CodeIgniter\CodeIgniter->run()
#9 C:\xampp\htdocs\poss\poss\spark_rewrite.php(44): require_once('C:\\xampp\\htdocs...')
#10 {main}
CRITICAL - 2026-05-15 10:43:28 --> Undefined variable $gas
#0 C:\xampp\htdocs\poss\poss\app\Views\transaksi.php(53): CodeIgniter\Debug\Exceptions->errorHandler(2, 'Undefined varia...', 'C:\\xampp\\htdocs...', 53)
#1 C:\xampp\htdocs\poss\poss\system\View\View.php(210): include('C:\\xampp\\htdocs...')
#2 C:\xampp\htdocs\poss\poss\system\View\View.php(213): CodeIgniter\View\View->CodeIgniter\View\{closure}()
#3 C:\xampp\htdocs\poss\poss\system\Common.php(1089): CodeIgniter\View\View->render('transaksi', Array, true)
#4 C:\xampp\htdocs\poss\poss\app\Controllers\Home.php(504): view('transaksi', Array)
#5 C:\xampp\htdocs\poss\poss\system\CodeIgniter.php(832): App\Controllers\Home->transaksi()
#6 C:\xampp\htdocs\poss\poss\system\CodeIgniter.php(419): CodeIgniter\CodeIgniter->runController(Object(App\Controllers\Home))
#7 C:\xampp\htdocs\poss\poss\system\CodeIgniter.php(326): CodeIgniter\CodeIgniter->handleRequest(NULL, Object(Config\Cache), false)
#8 C:\xampp\htdocs\poss\poss\public\index.php(37): CodeIgniter\CodeIgniter->run()
#9 C:\xampp\htdocs\poss\poss\spark_rewrite.php(44): require_once('C:\\xampp\\htdocs...')
#10 {main}
CRITICAL - 2026-05-15 10:44:08 --> file_get_contents(C:\xampp\htdocs\poss\public\images\cop-sph.jpeg): Failed to open stream: No such file or directory
#0 [internal function]: CodeIgniter\Debug\Exceptions->errorHandler(2, 'file_get_conten...', 'C:\\xampp\\htdocs...', 654)
#1 C:\xampp\htdocs\poss\poss\app\Controllers\Home.php(654): file_get_contents('C:\\xampp\\htdocs...')
#2 C:\xampp\htdocs\poss\poss\system\CodeIgniter.php(832): App\Controllers\Home->pdf_b()
#3 C:\xampp\htdocs\poss\poss\system\CodeIgniter.php(419): CodeIgniter\CodeIgniter->runController(Object(App\Controllers\Home))
#4 C:\xampp\htdocs\poss\poss\system\CodeIgniter.php(326): CodeIgniter\CodeIgniter->handleRequest(NULL, Object(Config\Cache), false)
#5 C:\xampp\htdocs\poss\poss\public\index.php(37): CodeIgniter\CodeIgniter->run()
#6 C:\xampp\htdocs\poss\poss\spark_rewrite.php(44): require_once('C:\\xampp\\htdocs...')
#7 {main}
CRITICAL - 2026-05-15 10:44:37 --> file_get_contents(C:\xampp\htdocs\poss\public\images\cop-sph.jpeg): Failed to open stream: No such file or directory
#0 [internal function]: CodeIgniter\Debug\Exceptions->errorHandler(2, 'file_get_conten...', 'C:\\xampp\\htdocs...', 455)
#1 C:\xampp\htdocs\poss\poss\app\Controllers\Home.php(455): file_get_contents('C:\\xampp\\htdocs...')
#2 C:\xampp\htdocs\poss\poss\system\CodeIgniter.php(832): App\Controllers\Home->cari_bm()
#3 C:\xampp\htdocs\poss\poss\system\CodeIgniter.php(419): CodeIgniter\CodeIgniter->runController(Object(App\Controllers\Home))
#4 C:\xampp\htdocs\poss\poss\system\CodeIgniter.php(326): CodeIgniter\CodeIgniter->handleRequest(NULL, Object(Config\Cache), false)
#5 C:\xampp\htdocs\poss\poss\public\index.php(37): CodeIgniter\CodeIgniter->run()
#6 C:\xampp\htdocs\poss\poss\spark_rewrite.php(44): require_once('C:\\xampp\\htdocs...')
#7 {main}
CRITICAL - 2026-05-15 10:44:50 --> file_get_contents(C:\xampp\htdocs\poss\public\images\cop-sph.jpeg): Failed to open stream: No such file or directory
#0 [internal function]: CodeIgniter\Debug\Exceptions->errorHandler(2, 'file_get_conten...', 'C:\\xampp\\htdocs...', 634)
#1 C:\xampp\htdocs\poss\poss\app\Controllers\Home.php(634): file_get_contents('C:\\xampp\\htdocs...')
#2 C:\xampp\htdocs\poss\poss\system\CodeIgniter.php(832): App\Controllers\Home->pdf_bm()
#3 C:\xampp\htdocs\poss\poss\system\CodeIgniter.php(419): CodeIgniter\CodeIgniter->runController(Object(App\Controllers\Home))
#4 C:\xampp\htdocs\poss\poss\system\CodeIgniter.php(326): CodeIgniter\CodeIgniter->handleRequest(NULL, Object(Config\Cache), false)
#5 C:\xampp\htdocs\poss\poss\public\index.php(37): CodeIgniter\CodeIgniter->run()
#6 C:\xampp\htdocs\poss\poss\spark_rewrite.php(44): require_once('C:\\xampp\\htdocs...')
#7 {main}
CRITICAL - 2026-05-15 10:44:53 --> Undefined property: stdClass::$nama_product
#0 C:\xampp\htdocs\poss\poss\app\Controllers\Home.php(691): CodeIgniter\Debug\Exceptions->errorHandler(2, 'Undefined prope...', 'C:\\xampp\\htdocs...', 691)
#1 C:\xampp\htdocs\poss\poss\system\CodeIgniter.php(832): App\Controllers\Home->excel_bm()
#2 C:\xampp\htdocs\poss\poss\system\CodeIgniter.php(419): CodeIgniter\CodeIgniter->runController(Object(App\Controllers\Home))
#3 C:\xampp\htdocs\poss\poss\system\CodeIgniter.php(326): CodeIgniter\CodeIgniter->handleRequest(NULL, Object(Config\Cache), false)
#4 C:\xampp\htdocs\poss\poss\public\index.php(37): CodeIgniter\CodeIgniter->run()
#5 C:\xampp\htdocs\poss\poss\spark_rewrite.php(44): require_once('C:\\xampp\\htdocs...')
#6 {main}
CRITICAL - 2026-05-15 10:45:03 --> file_get_contents(C:\xampp\htdocs\poss\public\images\cop-sph.jpeg): Failed to open stream: No such file or directory
#0 [internal function]: CodeIgniter\Debug\Exceptions->errorHandler(2, 'file_get_conten...', 'C:\\xampp\\htdocs...', 536)
#1 C:\xampp\htdocs\poss\poss\app\Controllers\Home.php(536): file_get_contents('C:\\xampp\\htdocs...')
#2 C:\xampp\htdocs\poss\poss\system\CodeIgniter.php(832): App\Controllers\Home->cari_p()
#3 C:\xampp\htdocs\poss\poss\system\CodeIgniter.php(419): CodeIgniter\CodeIgniter->runController(Object(App\Controllers\Home))
#4 C:\xampp\htdocs\poss\poss\system\CodeIgniter.php(326): CodeIgniter\CodeIgniter->handleRequest(NULL, Object(Config\Cache), false)
#5 C:\xampp\htdocs\poss\poss\public\index.php(37): CodeIgniter\CodeIgniter->run()
#6 C:\xampp\htdocs\poss\poss\spark_rewrite.php(44): require_once('C:\\xampp\\htdocs...')
#7 {main}
CRITICAL - 2026-05-15 10:45:06 --> file_get_contents(C:\xampp\htdocs\poss\public\images\cop-sph.jpeg): Failed to open stream: No such file or directory
#0 [internal function]: CodeIgniter\Debug\Exceptions->errorHandler(2, 'file_get_conten...', 'C:\\xampp\\htdocs...', 614)
#1 C:\xampp\htdocs\poss\poss\app\Controllers\Home.php(614): file_get_contents('C:\\xampp\\htdocs...')
#2 C:\xampp\htdocs\poss\poss\system\CodeIgniter.php(832): App\Controllers\Home->pdf_p()
#3 C:\xampp\htdocs\poss\poss\system\CodeIgniter.php(419): CodeIgniter\CodeIgniter->runController(Object(App\Controllers\Home))
#4 C:\xampp\htdocs\poss\poss\system\CodeIgniter.php(326): CodeIgniter\CodeIgniter->handleRequest(NULL, Object(Config\Cache), false)
#5 C:\xampp\htdocs\poss\poss\public\index.php(37): CodeIgniter\CodeIgniter->run()
#6 C:\xampp\htdocs\poss\poss\spark_rewrite.php(44): require_once('C:\\xampp\\htdocs...')
#7 {main}
CRITICAL - 2026-05-15 10:47:11 --> Undefined property: stdClass::$username
#0 C:\xampp\htdocs\poss\poss\app\Views\karyawan.php(39): CodeIgniter\Debug\Exceptions->errorHandler(2, 'Undefined prope...', 'C:\\xampp\\htdocs...', 39)
#1 C:\xampp\htdocs\poss\poss\system\View\View.php(210): include('C:\\xampp\\htdocs...')
#2 C:\xampp\htdocs\poss\poss\system\View\View.php(213): CodeIgniter\View\View->CodeIgniter\View\{closure}()
#3 C:\xampp\htdocs\poss\poss\system\Common.php(1089): CodeIgniter\View\View->render('karyawan', Array, true)
#4 C:\xampp\htdocs\poss\poss\app\Controllers\Home.php(205): view('karyawan', Array)
#5 C:\xampp\htdocs\poss\poss\system\CodeIgniter.php(832): App\Controllers\Home->tk()
#6 C:\xampp\htdocs\poss\poss\system\CodeIgniter.php(419): CodeIgniter\CodeIgniter->runController(Object(App\Controllers\Home))
#7 C:\xampp\htdocs\poss\poss\system\CodeIgniter.php(326): CodeIgniter\CodeIgniter->handleRequest(NULL, Object(Config\Cache), false)
#8 C:\xampp\htdocs\poss\poss\public\index.php(37): CodeIgniter\CodeIgniter->run()
#9 C:\xampp\htdocs\poss\poss\spark_rewrite.php(44): require_once('C:\\xampp\\htdocs...')
#10 {main}
CRITICAL - 2026-05-15 10:51:37 --> Undefined variable $gas
#0 C:\xampp\htdocs\poss\poss\app\Views\transaksi.php(53): CodeIgniter\Debug\Exceptions->errorHandler(2, 'Undefined varia...', 'C:\\xampp\\htdocs...', 53)
#1 C:\xampp\htdocs\poss\poss\system\View\View.php(210): include('C:\\xampp\\htdocs...')
#2 C:\xampp\htdocs\poss\poss\system\View\View.php(213): CodeIgniter\View\View->CodeIgniter\View\{closure}()
#3 C:\xampp\htdocs\poss\poss\system\Common.php(1089): CodeIgniter\View\View->render('transaksi', Array, true)
#4 C:\xampp\htdocs\poss\poss\app\Controllers\Home.php(504): view('transaksi', Array)
#5 C:\xampp\htdocs\poss\poss\system\CodeIgniter.php(832): App\Controllers\Home->transaksi()
#6 C:\xampp\htdocs\poss\poss\system\CodeIgniter.php(419): CodeIgniter\CodeIgniter->runController(Object(App\Controllers\Home))
#7 C:\xampp\htdocs\poss\poss\system\CodeIgniter.php(326): CodeIgniter\CodeIgniter->handleRequest(NULL, Object(Config\Cache), false)
#8 C:\xampp\htdocs\poss\poss\public\index.php(37): CodeIgniter\CodeIgniter->run()
#9 C:\xampp\htdocs\poss\poss\spark_rewrite.php(44): require_once('C:\\xampp\\htdocs...')
#10 {main}
CRITICAL - 2026-05-15 11:06:30 --> Undefined property: stdClass::$id_transaksi
#0 C:\xampp\htdocs\poss\poss\app\Views\t_transaksi.php(51): CodeIgniter\Debug\Exceptions->errorHandler(2, 'Undefined prope...', 'C:\\xampp\\htdocs...', 51)
#1 C:\xampp\htdocs\poss\poss\system\View\View.php(210): include('C:\\xampp\\htdocs...')
#2 C:\xampp\htdocs\poss\poss\system\View\View.php(213): CodeIgniter\View\View->CodeIgniter\View\{closure}()
#3 C:\xampp\htdocs\poss\poss\system\Common.php(1089): CodeIgniter\View\View->render('t_transaksi', Array, true)
#4 C:\xampp\htdocs\poss\poss\app\Controllers\Home.php(583): view('t_transaksi', Array)
#5 C:\xampp\htdocs\poss\poss\system\CodeIgniter.php(832): App\Controllers\Home->t_transaksi()
#6 C:\xampp\htdocs\poss\poss\system\CodeIgniter.php(419): CodeIgniter\CodeIgniter->runController(Object(App\Controllers\Home))
#7 C:\xampp\htdocs\poss\poss\system\CodeIgniter.php(326): CodeIgniter\CodeIgniter->handleRequest(NULL, Object(Config\Cache), false)
#8 C:\xampp\htdocs\poss\poss\public\index.php(37): CodeIgniter\CodeIgniter->run()
#9 C:\xampp\htdocs\poss\poss\spark_rewrite.php(44): require_once('C:\\xampp\\htdocs...')
#10 {main}
CRITICAL - 2026-05-15 12:24:44 --> Call to undefined function App\Controllers\new\Dompdf\Dompdf()
#0 C:\xampp\htdocs\poss\poss\system\CodeIgniter.php(832): App\Controllers\Home->pdf_bm()
#1 C:\xampp\htdocs\poss\poss\system\CodeIgniter.php(419): CodeIgniter\CodeIgniter->runController(Object(App\Controllers\Home))
#2 C:\xampp\htdocs\poss\poss\system\CodeIgniter.php(326): CodeIgniter\CodeIgniter->handleRequest(NULL, Object(Config\Cache), false)
#3 C:\xampp\htdocs\poss\poss\public\index.php(37): CodeIgniter\CodeIgniter->run()
#4 C:\xampp\htdocs\poss\poss\spark_rewrite.php(44): require_once('C:\\xampp\\htdocs...')
#5 {main}
CRITICAL - 2026-05-15 12:24:52 --> Call to undefined function App\Controllers\new\Dompdf\Dompdf()
#0 C:\xampp\htdocs\poss\poss\system\CodeIgniter.php(832): App\Controllers\Home->pdf_b()
#1 C:\xampp\htdocs\poss\poss\system\CodeIgniter.php(419): CodeIgniter\CodeIgniter->runController(Object(App\Controllers\Home))
#2 C:\xampp\htdocs\poss\poss\system\CodeIgniter.php(326): CodeIgniter\CodeIgniter->handleRequest(NULL, Object(Config\Cache), false)
#3 C:\xampp\htdocs\poss\poss\public\index.php(37): CodeIgniter\CodeIgniter->run()
#4 C:\xampp\htdocs\poss\poss\spark_rewrite.php(44): require_once('C:\\xampp\\htdocs...')
#5 {main}
CRITICAL - 2026-05-15 12:53:30 --> Min/max width is undefined for table rows
#0 C:\xampp\htdocs\poss\poss\vendor\dompdf\dompdf\src\FrameDecorator\AbstractFrameDecorator.php(921): Dompdf\FrameReflower\TableRow->get_min_max_width()
#1 C:\xampp\htdocs\poss\poss\vendor\dompdf\dompdf\src\FrameReflower\AbstractFrameReflower.php(420): Dompdf\FrameDecorator\AbstractFrameDecorator->get_min_max_width()
#2 C:\xampp\htdocs\poss\poss\vendor\dompdf\dompdf\src\FrameReflower\Block.php(938): Dompdf\FrameReflower\AbstractFrameReflower->get_min_max_child_width()
#3 C:\xampp\htdocs\poss\poss\vendor\dompdf\dompdf\src\FrameReflower\AbstractFrameReflower.php(458): Dompdf\FrameReflower\Block->get_min_max_content_width()
#4 C:\xampp\htdocs\poss\poss\vendor\dompdf\dompdf\src\FrameDecorator\AbstractFrameDecorator.php(921): Dompdf\FrameReflower\AbstractFrameReflower->get_min_max_width()
#5 C:\xampp\htdocs\poss\poss\vendor\dompdf\dompdf\src\FrameReflower\AbstractFrameReflower.php(420): Dompdf\FrameDecorator\AbstractFrameDecorator->get_min_max_width()
#6 C:\xampp\htdocs\poss\poss\vendor\dompdf\dompdf\src\FrameReflower\TableCell.php(143): Dompdf\FrameReflower\AbstractFrameReflower->get_min_max_child_width()
#7 C:\xampp\htdocs\poss\poss\vendor\dompdf\dompdf\src\FrameReflower\AbstractFrameReflower.php(458): Dompdf\FrameReflower\TableCell->get_min_max_content_width()
#8 C:\xampp\htdocs\poss\poss\vendor\dompdf\dompdf\src\FrameDecorator\AbstractFrameDecorator.php(921): Dompdf\FrameReflower\AbstractFrameReflower->get_min_max_width()
#9 C:\xampp\htdocs\poss\poss\vendor\dompdf\dompdf\src\Cellmap.php(729): Dompdf\FrameDecorator\AbstractFrameDecorator->get_min_max_width()
#10 C:\xampp\htdocs\poss\poss\vendor\dompdf\dompdf\src\Cellmap.php(604): Dompdf\Cellmap->calculate_column_widths()
#11 C:\xampp\htdocs\poss\poss\vendor\dompdf\dompdf\src\FrameReflower\Table.php(460): Dompdf\Cellmap->add_frame(Object(Dompdf\FrameDecorator\Table))
#12 C:\xampp\htdocs\poss\poss\vendor\dompdf\dompdf\src\FrameReflower\Table.php(331): Dompdf\FrameReflower\Table->get_min_max_width()
#13 C:\xampp\htdocs\poss\poss\vendor\dompdf\dompdf\src\FrameDecorator\AbstractFrameDecorator.php(913): Dompdf\FrameReflower\Table->reflow(Object(Dompdf\FrameDecorator\Block))
#14 C:\xampp\htdocs\poss\poss\vendor\dompdf\dompdf\src\FrameReflower\Block.php(866): Dompdf\FrameDecorator\AbstractFrameDecorator->reflow(Object(Dompdf\FrameDecorator\Block))
#15 C:\xampp\htdocs\poss\poss\vendor\dompdf\dompdf\src\FrameDecorator\AbstractFrameDecorator.php(913): Dompdf\FrameReflower\Block->reflow(Object(Dompdf\FrameDecorator\Block))
#16 C:\xampp\htdocs\poss\poss\vendor\dompdf\dompdf\src\FrameReflower\Block.php(866): Dompdf\FrameDecorator\AbstractFrameDecorator->reflow(Object(Dompdf\FrameDecorator\Block))
#17 C:\xampp\htdocs\poss\poss\vendor\dompdf\dompdf\src\FrameDecorator\AbstractFrameDecorator.php(913): Dompdf\FrameReflower\Block->reflow(NULL)
#18 C:\xampp\htdocs\poss\poss\vendor\dompdf\dompdf\src\FrameReflower\Page.php(142): Dompdf\FrameDecorator\AbstractFrameDecorator->reflow()
#19 C:\xampp\htdocs\poss\poss\vendor\dompdf\dompdf\src\FrameDecorator\AbstractFrameDecorator.php(913): Dompdf\FrameReflower\Page->reflow(NULL)
#20 C:\xampp\htdocs\poss\poss\vendor\dompdf\dompdf\src\Dompdf.php(765): Dompdf\FrameDecorator\AbstractFrameDecorator->reflow()
#21 C:\xampp\htdocs\poss\poss\app\Controllers\Home.php(644): Dompdf\Dompdf->render()
#22 C:\xampp\htdocs\poss\poss\system\CodeIgniter.php(832): App\Controllers\Home->pdf_bm()
#23 C:\xampp\htdocs\poss\poss\system\CodeIgniter.php(419): CodeIgniter\CodeIgniter->runController(Object(App\Controllers\Home))
#24 C:\xampp\htdocs\poss\poss\system\CodeIgniter.php(326): CodeIgniter\CodeIgniter->handleRequest(NULL, Object(Config\Cache), false)
#25 C:\xampp\htdocs\poss\poss\public\index.php(37): CodeIgniter\CodeIgniter->run()
#26 C:\xampp\htdocs\poss\poss\spark_rewrite.php(44): require_once('C:\\xampp\\htdocs...')
#27 {main}
CRITICAL - 2026-05-15 12:53:37 --> Allowed memory size of 536870912 bytes exhausted (tried to allocate 262148096 bytes)
#0 [internal function]: CodeIgniter\Debug\Exceptions->shutdownHandler()
#1 {main}
CRITICAL - 2026-05-15 12:55:05 --> Min/max width is undefined for table rows
#0 C:\xampp\htdocs\poss\poss\vendor\dompdf\dompdf\src\FrameDecorator\AbstractFrameDecorator.php(921): Dompdf\FrameReflower\TableRow->get_min_max_width()
#1 C:\xampp\htdocs\poss\poss\vendor\dompdf\dompdf\src\FrameReflower\AbstractFrameReflower.php(420): Dompdf\FrameDecorator\AbstractFrameDecorator->get_min_max_width()
#2 C:\xampp\htdocs\poss\poss\vendor\dompdf\dompdf\src\FrameReflower\Block.php(938): Dompdf\FrameReflower\AbstractFrameReflower->get_min_max_child_width()
#3 C:\xampp\htdocs\poss\poss\vendor\dompdf\dompdf\src\FrameReflower\AbstractFrameReflower.php(458): Dompdf\FrameReflower\Block->get_min_max_content_width()
#4 C:\xampp\htdocs\poss\poss\vendor\dompdf\dompdf\src\FrameDecorator\AbstractFrameDecorator.php(921): Dompdf\FrameReflower\AbstractFrameReflower->get_min_max_width()
#5 C:\xampp\htdocs\poss\poss\vendor\dompdf\dompdf\src\FrameReflower\AbstractFrameReflower.php(420): Dompdf\FrameDecorator\AbstractFrameDecorator->get_min_max_width()
#6 C:\xampp\htdocs\poss\poss\vendor\dompdf\dompdf\src\FrameReflower\TableCell.php(143): Dompdf\FrameReflower\AbstractFrameReflower->get_min_max_child_width()
#7 C:\xampp\htdocs\poss\poss\vendor\dompdf\dompdf\src\FrameReflower\AbstractFrameReflower.php(458): Dompdf\FrameReflower\TableCell->get_min_max_content_width()
#8 C:\xampp\htdocs\poss\poss\vendor\dompdf\dompdf\src\FrameDecorator\AbstractFrameDecorator.php(921): Dompdf\FrameReflower\AbstractFrameReflower->get_min_max_width()
#9 C:\xampp\htdocs\poss\poss\vendor\dompdf\dompdf\src\Cellmap.php(729): Dompdf\FrameDecorator\AbstractFrameDecorator->get_min_max_width()
#10 C:\xampp\htdocs\poss\poss\vendor\dompdf\dompdf\src\Cellmap.php(604): Dompdf\Cellmap->calculate_column_widths()
#11 C:\xampp\htdocs\poss\poss\vendor\dompdf\dompdf\src\FrameReflower\Table.php(460): Dompdf\Cellmap->add_frame(Object(Dompdf\FrameDecorator\Table))
#12 C:\xampp\htdocs\poss\poss\vendor\dompdf\dompdf\src\FrameReflower\Table.php(331): Dompdf\FrameReflower\Table->get_min_max_width()
#13 C:\xampp\htdocs\poss\poss\vendor\dompdf\dompdf\src\FrameDecorator\AbstractFrameDecorator.php(913): Dompdf\FrameReflower\Table->reflow(Object(Dompdf\FrameDecorator\Block))
#14 C:\xampp\htdocs\poss\poss\vendor\dompdf\dompdf\src\FrameReflower\Block.php(866): Dompdf\FrameDecorator\AbstractFrameDecorator->reflow(Object(Dompdf\FrameDecorator\Block))
#15 C:\xampp\htdocs\poss\poss\vendor\dompdf\dompdf\src\FrameDecorator\AbstractFrameDecorator.php(913): Dompdf\FrameReflower\Block->reflow(Object(Dompdf\FrameDecorator\Block))
#16 C:\xampp\htdocs\poss\poss\vendor\dompdf\dompdf\src\FrameReflower\Block.php(866): Dompdf\FrameDecorator\AbstractFrameDecorator->reflow(Object(Dompdf\FrameDecorator\Block))
#17 C:\xampp\htdocs\poss\poss\vendor\dompdf\dompdf\src\FrameDecorator\AbstractFrameDecorator.php(913): Dompdf\FrameReflower\Block->reflow(NULL)
#18 C:\xampp\htdocs\poss\poss\vendor\dompdf\dompdf\src\FrameReflower\Page.php(142): Dompdf\FrameDecorator\AbstractFrameDecorator->reflow()
#19 C:\xampp\htdocs\poss\poss\vendor\dompdf\dompdf\src\FrameDecorator\AbstractFrameDecorator.php(913): Dompdf\FrameReflower\Page->reflow(NULL)
#20 C:\xampp\htdocs\poss\poss\vendor\dompdf\dompdf\src\Dompdf.php(765): Dompdf\FrameDecorator\AbstractFrameDecorator->reflow()
#21 C:\xampp\htdocs\poss\poss\app\Controllers\Home.php(644): Dompdf\Dompdf->render()
#22 C:\xampp\htdocs\poss\poss\system\CodeIgniter.php(832): App\Controllers\Home->pdf_bm()
#23 C:\xampp\htdocs\poss\poss\system\CodeIgniter.php(419): CodeIgniter\CodeIgniter->runController(Object(App\Controllers\Home))
#24 C:\xampp\htdocs\poss\poss\system\CodeIgniter.php(326): CodeIgniter\CodeIgniter->handleRequest(NULL, Object(Config\Cache), false)
#25 C:\xampp\htdocs\poss\poss\public\index.php(37): CodeIgniter\CodeIgniter->run()
#26 C:\xampp\htdocs\poss\poss\spark_rewrite.php(44): require_once('C:\\xampp\\htdocs...')
#27 {main}
CRITICAL - 2026-05-15 12:55:13 --> Allowed memory size of 536870912 bytes exhausted (tried to allocate 262148096 bytes)
#0 [internal function]: CodeIgniter\Debug\Exceptions->shutdownHandler()
#1 {main}
CRITICAL - 2026-05-15 12:56:39 --> Min/max width is undefined for table rows
#0 C:\xampp\htdocs\poss\poss\vendor\dompdf\dompdf\src\FrameDecorator\AbstractFrameDecorator.php(921): Dompdf\FrameReflower\TableRow->get_min_max_width()
#1 C:\xampp\htdocs\poss\poss\vendor\dompdf\dompdf\src\FrameReflower\AbstractFrameReflower.php(420): Dompdf\FrameDecorator\AbstractFrameDecorator->get_min_max_width()
#2 C:\xampp\htdocs\poss\poss\vendor\dompdf\dompdf\src\FrameReflower\Block.php(938): Dompdf\FrameReflower\AbstractFrameReflower->get_min_max_child_width()
#3 C:\xampp\htdocs\poss\poss\vendor\dompdf\dompdf\src\FrameReflower\AbstractFrameReflower.php(458): Dompdf\FrameReflower\Block->get_min_max_content_width()
#4 C:\xampp\htdocs\poss\poss\vendor\dompdf\dompdf\src\FrameDecorator\AbstractFrameDecorator.php(921): Dompdf\FrameReflower\AbstractFrameReflower->get_min_max_width()
#5 C:\xampp\htdocs\poss\poss\vendor\dompdf\dompdf\src\FrameReflower\AbstractFrameReflower.php(420): Dompdf\FrameDecorator\AbstractFrameDecorator->get_min_max_width()
#6 C:\xampp\htdocs\poss\poss\vendor\dompdf\dompdf\src\FrameReflower\TableCell.php(143): Dompdf\FrameReflower\AbstractFrameReflower->get_min_max_child_width()
#7 C:\xampp\htdocs\poss\poss\vendor\dompdf\dompdf\src\FrameReflower\AbstractFrameReflower.php(458): Dompdf\FrameReflower\TableCell->get_min_max_content_width()
#8 C:\xampp\htdocs\poss\poss\vendor\dompdf\dompdf\src\FrameDecorator\AbstractFrameDecorator.php(921): Dompdf\FrameReflower\AbstractFrameReflower->get_min_max_width()
#9 C:\xampp\htdocs\poss\poss\vendor\dompdf\dompdf\src\Cellmap.php(729): Dompdf\FrameDecorator\AbstractFrameDecorator->get_min_max_width()
#10 C:\xampp\htdocs\poss\poss\vendor\dompdf\dompdf\src\Cellmap.php(604): Dompdf\Cellmap->calculate_column_widths()
#11 C:\xampp\htdocs\poss\poss\vendor\dompdf\dompdf\src\FrameReflower\Table.php(460): Dompdf\Cellmap->add_frame(Object(Dompdf\FrameDecorator\Table))
#12 C:\xampp\htdocs\poss\poss\vendor\dompdf\dompdf\src\FrameReflower\Table.php(331): Dompdf\FrameReflower\Table->get_min_max_width()
#13 C:\xampp\htdocs\poss\poss\vendor\dompdf\dompdf\src\FrameDecorator\AbstractFrameDecorator.php(913): Dompdf\FrameReflower\Table->reflow(Object(Dompdf\FrameDecorator\Block))
#14 C:\xampp\htdocs\poss\poss\vendor\dompdf\dompdf\src\FrameReflower\Block.php(866): Dompdf\FrameDecorator\AbstractFrameDecorator->reflow(Object(Dompdf\FrameDecorator\Block))
#15 C:\xampp\htdocs\poss\poss\vendor\dompdf\dompdf\src\FrameDecorator\AbstractFrameDecorator.php(913): Dompdf\FrameReflower\Block->reflow(Object(Dompdf\FrameDecorator\Block))
#16 C:\xampp\htdocs\poss\poss\vendor\dompdf\dompdf\src\FrameReflower\Block.php(866): Dompdf\FrameDecorator\AbstractFrameDecorator->reflow(Object(Dompdf\FrameDecorator\Block))
#17 C:\xampp\htdocs\poss\poss\vendor\dompdf\dompdf\src\FrameDecorator\AbstractFrameDecorator.php(913): Dompdf\FrameReflower\Block->reflow(NULL)
#18 C:\xampp\htdocs\poss\poss\vendor\dompdf\dompdf\src\FrameReflower\Page.php(142): Dompdf\FrameDecorator\AbstractFrameDecorator->reflow()
#19 C:\xampp\htdocs\poss\poss\vendor\dompdf\dompdf\src\FrameDecorator\AbstractFrameDecorator.php(913): Dompdf\FrameReflower\Page->reflow(NULL)
#20 C:\xampp\htdocs\poss\poss\vendor\dompdf\dompdf\src\Dompdf.php(765): Dompdf\FrameDecorator\AbstractFrameDecorator->reflow()
#21 C:\xampp\htdocs\poss\poss\app\Controllers\Home.php(644): Dompdf\Dompdf->render()
#22 C:\xampp\htdocs\poss\poss\system\CodeIgniter.php(832): App\Controllers\Home->pdf_bm()
#23 C:\xampp\htdocs\poss\poss\system\CodeIgniter.php(419): CodeIgniter\CodeIgniter->runController(Object(App\Controllers\Home))
#24 C:\xampp\htdocs\poss\poss\system\CodeIgniter.php(326): CodeIgniter\CodeIgniter->handleRequest(NULL, Object(Config\Cache), false)
#25 C:\xampp\htdocs\poss\poss\public\index.php(37): CodeIgniter\CodeIgniter->run()
#26 C:\xampp\htdocs\poss\poss\spark_rewrite.php(44): require_once('C:\\xampp\\htdocs...')
#27 {main}
CRITICAL - 2026-05-15 12:56:47 --> Allowed memory size of 536870912 bytes exhausted (tried to allocate 262148096 bytes)
#0 [internal function]: CodeIgniter\Debug\Exceptions->shutdownHandler()
#1 {main}
CRITICAL - 2026-05-15 12:56:57 --> Min/max width is undefined for table rows
#0 C:\xampp\htdocs\poss\poss\vendor\dompdf\dompdf\src\FrameDecorator\AbstractFrameDecorator.php(921): Dompdf\FrameReflower\TableRow->get_min_max_width()
#1 C:\xampp\htdocs\poss\poss\vendor\dompdf\dompdf\src\FrameReflower\AbstractFrameReflower.php(420): Dompdf\FrameDecorator\AbstractFrameDecorator->get_min_max_width()
#2 C:\xampp\htdocs\poss\poss\vendor\dompdf\dompdf\src\FrameReflower\Block.php(938): Dompdf\FrameReflower\AbstractFrameReflower->get_min_max_child_width()
#3 C:\xampp\htdocs\poss\poss\vendor\dompdf\dompdf\src\FrameReflower\AbstractFrameReflower.php(458): Dompdf\FrameReflower\Block->get_min_max_content_width()
#4 C:\xampp\htdocs\poss\poss\vendor\dompdf\dompdf\src\FrameDecorator\AbstractFrameDecorator.php(921): Dompdf\FrameReflower\AbstractFrameReflower->get_min_max_width()
#5 C:\xampp\htdocs\poss\poss\vendor\dompdf\dompdf\src\FrameReflower\AbstractFrameReflower.php(420): Dompdf\FrameDecorator\AbstractFrameDecorator->get_min_max_width()
#6 C:\xampp\htdocs\poss\poss\vendor\dompdf\dompdf\src\FrameReflower\TableCell.php(143): Dompdf\FrameReflower\AbstractFrameReflower->get_min_max_child_width()
#7 C:\xampp\htdocs\poss\poss\vendor\dompdf\dompdf\src\FrameReflower\AbstractFrameReflower.php(458): Dompdf\FrameReflower\TableCell->get_min_max_content_width()
#8 C:\xampp\htdocs\poss\poss\vendor\dompdf\dompdf\src\FrameDecorator\AbstractFrameDecorator.php(921): Dompdf\FrameReflower\AbstractFrameReflower->get_min_max_width()
#9 C:\xampp\htdocs\poss\poss\vendor\dompdf\dompdf\src\Cellmap.php(729): Dompdf\FrameDecorator\AbstractFrameDecorator->get_min_max_width()
#10 C:\xampp\htdocs\poss\poss\vendor\dompdf\dompdf\src\Cellmap.php(604): Dompdf\Cellmap->calculate_column_widths()
#11 C:\xampp\htdocs\poss\poss\vendor\dompdf\dompdf\src\FrameReflower\Table.php(460): Dompdf\Cellmap->add_frame(Object(Dompdf\FrameDecorator\Table))
#12 C:\xampp\htdocs\poss\poss\vendor\dompdf\dompdf\src\FrameReflower\Table.php(331): Dompdf\FrameReflower\Table->get_min_max_width()
#13 C:\xampp\htdocs\poss\poss\vendor\dompdf\dompdf\src\FrameDecorator\AbstractFrameDecorator.php(913): Dompdf\FrameReflower\Table->reflow(Object(Dompdf\FrameDecorator\Block))
#14 C:\xampp\htdocs\poss\poss\vendor\dompdf\dompdf\src\FrameReflower\Block.php(866): Dompdf\FrameDecorator\AbstractFrameDecorator->reflow(Object(Dompdf\FrameDecorator\Block))
#15 C:\xampp\htdocs\poss\poss\vendor\dompdf\dompdf\src\FrameDecorator\AbstractFrameDecorator.php(913): Dompdf\FrameReflower\Block->reflow(Object(Dompdf\FrameDecorator\Block))
#16 C:\xampp\htdocs\poss\poss\vendor\dompdf\dompdf\src\FrameReflower\Block.php(866): Dompdf\FrameDecorator\AbstractFrameDecorator->reflow(Object(Dompdf\FrameDecorator\Block))
#17 C:\xampp\htdocs\poss\poss\vendor\dompdf\dompdf\src\FrameDecorator\AbstractFrameDecorator.php(913): Dompdf\FrameReflower\Block->reflow(NULL)
#18 C:\xampp\htdocs\poss\poss\vendor\dompdf\dompdf\src\FrameReflower\Page.php(142): Dompdf\FrameDecorator\AbstractFrameDecorator->reflow()
#19 C:\xampp\htdocs\poss\poss\vendor\dompdf\dompdf\src\FrameDecorator\AbstractFrameDecorator.php(913): Dompdf\FrameReflower\Page->reflow(NULL)
#20 C:\xampp\htdocs\poss\poss\vendor\dompdf\dompdf\src\Dompdf.php(765): Dompdf\FrameDecorator\AbstractFrameDecorator->reflow()
#21 C:\xampp\htdocs\poss\poss\app\Controllers\Home.php(644): Dompdf\Dompdf->render()
#22 C:\xampp\htdocs\poss\poss\system\CodeIgniter.php(832): App\Controllers\Home->pdf_bm()
#23 C:\xampp\htdocs\poss\poss\system\CodeIgniter.php(419): CodeIgniter\CodeIgniter->runController(Object(App\Controllers\Home))
#24 C:\xampp\htdocs\poss\poss\system\CodeIgniter.php(326): CodeIgniter\CodeIgniter->handleRequest(NULL, Object(Config\Cache), false)
#25 C:\xampp\htdocs\poss\poss\public\index.php(37): CodeIgniter\CodeIgniter->run()
#26 C:\xampp\htdocs\poss\poss\spark_rewrite.php(44): require_once('C:\\xampp\\htdocs...')
#27 {main}
CRITICAL - 2026-05-15 12:57:05 --> Allowed memory size of 536870912 bytes exhausted (tried to allocate 262148096 bytes)
#0 [internal function]: CodeIgniter\Debug\Exceptions->shutdownHandler()
#1 {main}
CRITICAL - 2026-05-15 12:57:12 --> Min/max width is undefined for table rows
#0 C:\xampp\htdocs\poss\poss\vendor\dompdf\dompdf\src\FrameDecorator\AbstractFrameDecorator.php(921): Dompdf\FrameReflower\TableRow->get_min_max_width()
#1 C:\xampp\htdocs\poss\poss\vendor\dompdf\dompdf\src\FrameReflower\AbstractFrameReflower.php(420): Dompdf\FrameDecorator\AbstractFrameDecorator->get_min_max_width()
#2 C:\xampp\htdocs\poss\poss\vendor\dompdf\dompdf\src\FrameReflower\Block.php(938): Dompdf\FrameReflower\AbstractFrameReflower->get_min_max_child_width()
#3 C:\xampp\htdocs\poss\poss\vendor\dompdf\dompdf\src\FrameReflower\AbstractFrameReflower.php(458): Dompdf\FrameReflower\Block->get_min_max_content_width()
#4 C:\xampp\htdocs\poss\poss\vendor\dompdf\dompdf\src\FrameDecorator\AbstractFrameDecorator.php(921): Dompdf\FrameReflower\AbstractFrameReflower->get_min_max_width()
#5 C:\xampp\htdocs\poss\poss\vendor\dompdf\dompdf\src\FrameReflower\AbstractFrameReflower.php(420): Dompdf\FrameDecorator\AbstractFrameDecorator->get_min_max_width()
#6 C:\xampp\htdocs\poss\poss\vendor\dompdf\dompdf\src\FrameReflower\TableCell.php(143): Dompdf\FrameReflower\AbstractFrameReflower->get_min_max_child_width()
#7 C:\xampp\htdocs\poss\poss\vendor\dompdf\dompdf\src\FrameReflower\AbstractFrameReflower.php(458): Dompdf\FrameReflower\TableCell->get_min_max_content_width()
#8 C:\xampp\htdocs\poss\poss\vendor\dompdf\dompdf\src\FrameDecorator\AbstractFrameDecorator.php(921): Dompdf\FrameReflower\AbstractFrameReflower->get_min_max_width()
#9 C:\xampp\htdocs\poss\poss\vendor\dompdf\dompdf\src\Cellmap.php(729): Dompdf\FrameDecorator\AbstractFrameDecorator->get_min_max_width()
#10 C:\xampp\htdocs\poss\poss\vendor\dompdf\dompdf\src\Cellmap.php(604): Dompdf\Cellmap->calculate_column_widths()
#11 C:\xampp\htdocs\poss\poss\vendor\dompdf\dompdf\src\FrameReflower\Table.php(460): Dompdf\Cellmap->add_frame(Object(Dompdf\FrameDecorator\Table))
#12 C:\xampp\htdocs\poss\poss\vendor\dompdf\dompdf\src\FrameReflower\Table.php(331): Dompdf\FrameReflower\Table->get_min_max_width()
#13 C:\xampp\htdocs\poss\poss\vendor\dompdf\dompdf\src\FrameDecorator\AbstractFrameDecorator.php(913): Dompdf\FrameReflower\Table->reflow(Object(Dompdf\FrameDecorator\Block))
#14 C:\xampp\htdocs\poss\poss\vendor\dompdf\dompdf\src\FrameReflower\Block.php(866): Dompdf\FrameDecorator\AbstractFrameDecorator->reflow(Object(Dompdf\FrameDecorator\Block))
#15 C:\xampp\htdocs\poss\poss\vendor\dompdf\dompdf\src\FrameDecorator\AbstractFrameDecorator.php(913): Dompdf\FrameReflower\Block->reflow(Object(Dompdf\FrameDecorator\Block))
#16 C:\xampp\htdocs\poss\poss\vendor\dompdf\dompdf\src\FrameReflower\Block.php(866): Dompdf\FrameDecorator\AbstractFrameDecorator->reflow(Object(Dompdf\FrameDecorator\Block))
#17 C:\xampp\htdocs\poss\poss\vendor\dompdf\dompdf\src\FrameDecorator\AbstractFrameDecorator.php(913): Dompdf\FrameReflower\Block->reflow(NULL)
#18 C:\xampp\htdocs\poss\poss\vendor\dompdf\dompdf\src\FrameReflower\Page.php(142): Dompdf\FrameDecorator\AbstractFrameDecorator->reflow()
#19 C:\xampp\htdocs\poss\poss\vendor\dompdf\dompdf\src\FrameDecorator\AbstractFrameDecorator.php(913): Dompdf\FrameReflower\Page->reflow(NULL)
#20 C:\xampp\htdocs\poss\poss\vendor\dompdf\dompdf\src\Dompdf.php(765): Dompdf\FrameDecorator\AbstractFrameDecorator->reflow()
#21 C:\xampp\htdocs\poss\poss\app\Controllers\Home.php(644): Dompdf\Dompdf->render()
#22 C:\xampp\htdocs\poss\poss\system\CodeIgniter.php(832): App\Controllers\Home->pdf_bm()
#23 C:\xampp\htdocs\poss\poss\system\CodeIgniter.php(419): CodeIgniter\CodeIgniter->runController(Object(App\Controllers\Home))
#24 C:\xampp\htdocs\poss\poss\system\CodeIgniter.php(326): CodeIgniter\CodeIgniter->handleRequest(NULL, Object(Config\Cache), false)
#25 C:\xampp\htdocs\poss\poss\public\index.php(37): CodeIgniter\CodeIgniter->run()
#26 C:\xampp\htdocs\poss\poss\spark_rewrite.php(44): require_once('C:\\xampp\\htdocs...')
#27 {main}
CRITICAL - 2026-05-15 12:57:20 --> Allowed memory size of 536870912 bytes exhausted (tried to allocate 262148096 bytes)
#0 [internal function]: CodeIgniter\Debug\Exceptions->shutdownHandler()
#1 {main}
CRITICAL - 2026-05-15 12:57:36 --> Min/max width is undefined for table rows
#0 C:\xampp\htdocs\poss\poss\vendor\dompdf\dompdf\src\FrameDecorator\AbstractFrameDecorator.php(921): Dompdf\FrameReflower\TableRow->get_min_max_width()
#1 C:\xampp\htdocs\poss\poss\vendor\dompdf\dompdf\src\FrameReflower\AbstractFrameReflower.php(420): Dompdf\FrameDecorator\AbstractFrameDecorator->get_min_max_width()
#2 C:\xampp\htdocs\poss\poss\vendor\dompdf\dompdf\src\FrameReflower\Block.php(938): Dompdf\FrameReflower\AbstractFrameReflower->get_min_max_child_width()
#3 C:\xampp\htdocs\poss\poss\vendor\dompdf\dompdf\src\FrameReflower\AbstractFrameReflower.php(458): Dompdf\FrameReflower\Block->get_min_max_content_width()
#4 C:\xampp\htdocs\poss\poss\vendor\dompdf\dompdf\src\FrameDecorator\AbstractFrameDecorator.php(921): Dompdf\FrameReflower\AbstractFrameReflower->get_min_max_width()
#5 C:\xampp\htdocs\poss\poss\vendor\dompdf\dompdf\src\FrameReflower\AbstractFrameReflower.php(420): Dompdf\FrameDecorator\AbstractFrameDecorator->get_min_max_width()
#6 C:\xampp\htdocs\poss\poss\vendor\dompdf\dompdf\src\FrameReflower\TableCell.php(143): Dompdf\FrameReflower\AbstractFrameReflower->get_min_max_child_width()
#7 C:\xampp\htdocs\poss\poss\vendor\dompdf\dompdf\src\FrameReflower\AbstractFrameReflower.php(458): Dompdf\FrameReflower\TableCell->get_min_max_content_width()
#8 C:\xampp\htdocs\poss\poss\vendor\dompdf\dompdf\src\FrameDecorator\AbstractFrameDecorator.php(921): Dompdf\FrameReflower\AbstractFrameReflower->get_min_max_width()
#9 C:\xampp\htdocs\poss\poss\vendor\dompdf\dompdf\src\Cellmap.php(729): Dompdf\FrameDecorator\AbstractFrameDecorator->get_min_max_width()
#10 C:\xampp\htdocs\poss\poss\vendor\dompdf\dompdf\src\Cellmap.php(604): Dompdf\Cellmap->calculate_column_widths()
#11 C:\xampp\htdocs\poss\poss\vendor\dompdf\dompdf\src\FrameReflower\Table.php(460): Dompdf\Cellmap->add_frame(Object(Dompdf\FrameDecorator\Table))
#12 C:\xampp\htdocs\poss\poss\vendor\dompdf\dompdf\src\FrameReflower\Table.php(331): Dompdf\FrameReflower\Table->get_min_max_width()
#13 C:\xampp\htdocs\poss\poss\vendor\dompdf\dompdf\src\FrameDecorator\AbstractFrameDecorator.php(913): Dompdf\FrameReflower\Table->reflow(Object(Dompdf\FrameDecorator\Block))
#14 C:\xampp\htdocs\poss\poss\vendor\dompdf\dompdf\src\FrameReflower\Block.php(866): Dompdf\FrameDecorator\AbstractFrameDecorator->reflow(Object(Dompdf\FrameDecorator\Block))
#15 C:\xampp\htdocs\poss\poss\vendor\dompdf\dompdf\src\FrameDecorator\AbstractFrameDecorator.php(913): Dompdf\FrameReflower\Block->reflow(Object(Dompdf\FrameDecorator\Block))
#16 C:\xampp\htdocs\poss\poss\vendor\dompdf\dompdf\src\FrameReflower\Block.php(866): Dompdf\FrameDecorator\AbstractFrameDecorator->reflow(Object(Dompdf\FrameDecorator\Block))
#17 C:\xampp\htdocs\poss\poss\vendor\dompdf\dompdf\src\FrameDecorator\AbstractFrameDecorator.php(913): Dompdf\FrameReflower\Block->reflow(NULL)
#18 C:\xampp\htdocs\poss\poss\vendor\dompdf\dompdf\src\FrameReflower\Page.php(142): Dompdf\FrameDecorator\AbstractFrameDecorator->reflow()
#19 C:\xampp\htdocs\poss\poss\vendor\dompdf\dompdf\src\FrameDecorator\AbstractFrameDecorator.php(913): Dompdf\FrameReflower\Page->reflow(NULL)
#20 C:\xampp\htdocs\poss\poss\vendor\dompdf\dompdf\src\Dompdf.php(765): Dompdf\FrameDecorator\AbstractFrameDecorator->reflow()
#21 C:\xampp\htdocs\poss\poss\app\Controllers\Home.php(644): Dompdf\Dompdf->render()
#22 C:\xampp\htdocs\poss\poss\system\CodeIgniter.php(832): App\Controllers\Home->pdf_bm()
#23 C:\xampp\htdocs\poss\poss\system\CodeIgniter.php(419): CodeIgniter\CodeIgniter->runController(Object(App\Controllers\Home))
#24 C:\xampp\htdocs\poss\poss\system\CodeIgniter.php(326): CodeIgniter\CodeIgniter->handleRequest(NULL, Object(Config\Cache), false)
#25 C:\xampp\htdocs\poss\poss\public\index.php(37): CodeIgniter\CodeIgniter->run()
#26 C:\xampp\htdocs\poss\poss\spark_rewrite.php(44): require_once('C:\\xampp\\htdocs...')
#27 {main}
CRITICAL - 2026-05-15 12:57:43 --> Allowed memory size of 536870912 bytes exhausted (tried to allocate 262148096 bytes)
#0 [internal function]: CodeIgniter\Debug\Exceptions->shutdownHandler()
#1 {main}
CRITICAL - 2026-05-15 13:04:05 --> Min/max width is undefined for table rows
#0 C:\xampp\htdocs\poss\poss\vendor\dompdf\dompdf\src\FrameDecorator\AbstractFrameDecorator.php(921): Dompdf\FrameReflower\TableRow->get_min_max_width()
#1 C:\xampp\htdocs\poss\poss\vendor\dompdf\dompdf\src\FrameReflower\AbstractFrameReflower.php(420): Dompdf\FrameDecorator\AbstractFrameDecorator->get_min_max_width()
#2 C:\xampp\htdocs\poss\poss\vendor\dompdf\dompdf\src\FrameReflower\Block.php(938): Dompdf\FrameReflower\AbstractFrameReflower->get_min_max_child_width()
#3 C:\xampp\htdocs\poss\poss\vendor\dompdf\dompdf\src\FrameReflower\AbstractFrameReflower.php(458): Dompdf\FrameReflower\Block->get_min_max_content_width()
#4 C:\xampp\htdocs\poss\poss\vendor\dompdf\dompdf\src\FrameDecorator\AbstractFrameDecorator.php(921): Dompdf\FrameReflower\AbstractFrameReflower->get_min_max_width()
#5 C:\xampp\htdocs\poss\poss\vendor\dompdf\dompdf\src\FrameReflower\AbstractFrameReflower.php(420): Dompdf\FrameDecorator\AbstractFrameDecorator->get_min_max_width()
#6 C:\xampp\htdocs\poss\poss\vendor\dompdf\dompdf\src\FrameReflower\TableCell.php(143): Dompdf\FrameReflower\AbstractFrameReflower->get_min_max_child_width()
#7 C:\xampp\htdocs\poss\poss\vendor\dompdf\dompdf\src\FrameReflower\AbstractFrameReflower.php(458): Dompdf\FrameReflower\TableCell->get_min_max_content_width()
#8 C:\xampp\htdocs\poss\poss\vendor\dompdf\dompdf\src\FrameDecorator\AbstractFrameDecorator.php(921): Dompdf\FrameReflower\AbstractFrameReflower->get_min_max_width()
#9 C:\xampp\htdocs\poss\poss\vendor\dompdf\dompdf\src\Cellmap.php(729): Dompdf\FrameDecorator\AbstractFrameDecorator->get_min_max_width()
#10 C:\xampp\htdocs\poss\poss\vendor\dompdf\dompdf\src\Cellmap.php(604): Dompdf\Cellmap->calculate_column_widths()
#11 C:\xampp\htdocs\poss\poss\vendor\dompdf\dompdf\src\FrameReflower\Table.php(460): Dompdf\Cellmap->add_frame(Object(Dompdf\FrameDecorator\Table))
#12 C:\xampp\htdocs\poss\poss\vendor\dompdf\dompdf\src\FrameReflower\Table.php(331): Dompdf\FrameReflower\Table->get_min_max_width()
#13 C:\xampp\htdocs\poss\poss\vendor\dompdf\dompdf\src\FrameDecorator\AbstractFrameDecorator.php(913): Dompdf\FrameReflower\Table->reflow(Object(Dompdf\FrameDecorator\Block))
#14 C:\xampp\htdocs\poss\poss\vendor\dompdf\dompdf\src\FrameReflower\Block.php(866): Dompdf\FrameDecorator\AbstractFrameDecorator->reflow(Object(Dompdf\FrameDecorator\Block))
#15 C:\xampp\htdocs\poss\poss\vendor\dompdf\dompdf\src\FrameDecorator\AbstractFrameDecorator.php(913): Dompdf\FrameReflower\Block->reflow(Object(Dompdf\FrameDecorator\Block))
#16 C:\xampp\htdocs\poss\poss\vendor\dompdf\dompdf\src\FrameReflower\Block.php(866): Dompdf\FrameDecorator\AbstractFrameDecorator->reflow(Object(Dompdf\FrameDecorator\Block))
#17 C:\xampp\htdocs\poss\poss\vendor\dompdf\dompdf\src\FrameDecorator\AbstractFrameDecorator.php(913): Dompdf\FrameReflower\Block->reflow(NULL)
#18 C:\xampp\htdocs\poss\poss\vendor\dompdf\dompdf\src\FrameReflower\Page.php(142): Dompdf\FrameDecorator\AbstractFrameDecorator->reflow()
#19 C:\xampp\htdocs\poss\poss\vendor\dompdf\dompdf\src\FrameDecorator\AbstractFrameDecorator.php(913): Dompdf\FrameReflower\Page->reflow(NULL)
#20 C:\xampp\htdocs\poss\poss\vendor\dompdf\dompdf\src\Dompdf.php(765): Dompdf\FrameDecorator\AbstractFrameDecorator->reflow()
#21 C:\xampp\htdocs\poss\poss\app\Controllers\Home.php(644): Dompdf\Dompdf->render()
#22 C:\xampp\htdocs\poss\poss\system\CodeIgniter.php(832): App\Controllers\Home->pdf_bm()
#23 C:\xampp\htdocs\poss\poss\system\CodeIgniter.php(419): CodeIgniter\CodeIgniter->runController(Object(App\Controllers\Home))
#24 C:\xampp\htdocs\poss\poss\system\CodeIgniter.php(326): CodeIgniter\CodeIgniter->handleRequest(NULL, Object(Config\Cache), false)
#25 C:\xampp\htdocs\poss\poss\public\index.php(37): CodeIgniter\CodeIgniter->run()
#26 C:\xampp\htdocs\poss\poss\spark_rewrite.php(44): require_once('C:\\xampp\\htdocs...')
#27 {main}
CRITICAL - 2026-05-15 13:04:15 --> Allowed memory size of 536870912 bytes exhausted (tried to allocate 262148096 bytes)
#0 [internal function]: CodeIgniter\Debug\Exceptions->shutdownHandler()
#1 {main}
CRITICAL - 2026-05-15 13:04:32 --> Min/max width is undefined for table rows
#0 C:\xampp\htdocs\poss\poss\vendor\dompdf\dompdf\src\FrameDecorator\AbstractFrameDecorator.php(921): Dompdf\FrameReflower\TableRow->get_min_max_width()
#1 C:\xampp\htdocs\poss\poss\vendor\dompdf\dompdf\src\FrameReflower\AbstractFrameReflower.php(420): Dompdf\FrameDecorator\AbstractFrameDecorator->get_min_max_width()
#2 C:\xampp\htdocs\poss\poss\vendor\dompdf\dompdf\src\FrameReflower\Block.php(938): Dompdf\FrameReflower\AbstractFrameReflower->get_min_max_child_width()
#3 C:\xampp\htdocs\poss\poss\vendor\dompdf\dompdf\src\FrameReflower\AbstractFrameReflower.php(458): Dompdf\FrameReflower\Block->get_min_max_content_width()
#4 C:\xampp\htdocs\poss\poss\vendor\dompdf\dompdf\src\FrameDecorator\AbstractFrameDecorator.php(921): Dompdf\FrameReflower\AbstractFrameReflower->get_min_max_width()
#5 C:\xampp\htdocs\poss\poss\vendor\dompdf\dompdf\src\FrameReflower\AbstractFrameReflower.php(420): Dompdf\FrameDecorator\AbstractFrameDecorator->get_min_max_width()
#6 C:\xampp\htdocs\poss\poss\vendor\dompdf\dompdf\src\FrameReflower\TableCell.php(143): Dompdf\FrameReflower\AbstractFrameReflower->get_min_max_child_width()
#7 C:\xampp\htdocs\poss\poss\vendor\dompdf\dompdf\src\FrameReflower\AbstractFrameReflower.php(458): Dompdf\FrameReflower\TableCell->get_min_max_content_width()
#8 C:\xampp\htdocs\poss\poss\vendor\dompdf\dompdf\src\FrameDecorator\AbstractFrameDecorator.php(921): Dompdf\FrameReflower\AbstractFrameReflower->get_min_max_width()
#9 C:\xampp\htdocs\poss\poss\vendor\dompdf\dompdf\src\Cellmap.php(729): Dompdf\FrameDecorator\AbstractFrameDecorator->get_min_max_width()
#10 C:\xampp\htdocs\poss\poss\vendor\dompdf\dompdf\src\Cellmap.php(604): Dompdf\Cellmap->calculate_column_widths()
#11 C:\xampp\htdocs\poss\poss\vendor\dompdf\dompdf\src\FrameReflower\Table.php(460): Dompdf\Cellmap->add_frame(Object(Dompdf\FrameDecorator\Table))
#12 C:\xampp\htdocs\poss\poss\vendor\dompdf\dompdf\src\FrameReflower\Table.php(331): Dompdf\FrameReflower\Table->get_min_max_width()
#13 C:\xampp\htdocs\poss\poss\vendor\dompdf\dompdf\src\FrameDecorator\AbstractFrameDecorator.php(913): Dompdf\FrameReflower\Table->reflow(Object(Dompdf\FrameDecorator\Block))
#14 C:\xampp\htdocs\poss\poss\vendor\dompdf\dompdf\src\FrameReflower\Block.php(866): Dompdf\FrameDecorator\AbstractFrameDecorator->reflow(Object(Dompdf\FrameDecorator\Block))
#15 C:\xampp\htdocs\poss\poss\vendor\dompdf\dompdf\src\FrameDecorator\AbstractFrameDecorator.php(913): Dompdf\FrameReflower\Block->reflow(Object(Dompdf\FrameDecorator\Block))
#16 C:\xampp\htdocs\poss\poss\vendor\dompdf\dompdf\src\FrameReflower\Block.php(866): Dompdf\FrameDecorator\AbstractFrameDecorator->reflow(Object(Dompdf\FrameDecorator\Block))
#17 C:\xampp\htdocs\poss\poss\vendor\dompdf\dompdf\src\FrameDecorator\AbstractFrameDecorator.php(913): Dompdf\FrameReflower\Block->reflow(NULL)
#18 C:\xampp\htdocs\poss\poss\vendor\dompdf\dompdf\src\FrameReflower\Page.php(142): Dompdf\FrameDecorator\AbstractFrameDecorator->reflow()
#19 C:\xampp\htdocs\poss\poss\vendor\dompdf\dompdf\src\FrameDecorator\AbstractFrameDecorator.php(913): Dompdf\FrameReflower\Page->reflow(NULL)
#20 C:\xampp\htdocs\poss\poss\vendor\dompdf\dompdf\src\Dompdf.php(765): Dompdf\FrameDecorator\AbstractFrameDecorator->reflow()
#21 C:\xampp\htdocs\poss\poss\app\Controllers\Home.php(644): Dompdf\Dompdf->render()
#22 C:\xampp\htdocs\poss\poss\system\CodeIgniter.php(832): App\Controllers\Home->pdf_bm()
#23 C:\xampp\htdocs\poss\poss\system\CodeIgniter.php(419): CodeIgniter\CodeIgniter->runController(Object(App\Controllers\Home))
#24 C:\xampp\htdocs\poss\poss\system\CodeIgniter.php(326): CodeIgniter\CodeIgniter->handleRequest(NULL, Object(Config\Cache), false)
#25 C:\xampp\htdocs\poss\poss\public\index.php(37): CodeIgniter\CodeIgniter->run()
#26 C:\xampp\htdocs\poss\poss\spark_rewrite.php(44): require_once('C:\\xampp\\htdocs...')
#27 {main}
CRITICAL - 2026-05-15 13:04:42 --> Allowed memory size of 536870912 bytes exhausted (tried to allocate 262148096 bytes)
#0 [internal function]: CodeIgniter\Debug\Exceptions->shutdownHandler()
#1 {main}
