ERROR - 2023-09-19 22:54:22 --> Unknown column 'id_kw' in 'where clause'
ERROR - 2023-09-19 22:54:23 --> Unknown column 'id_kw' in 'where clause'
ERROR - 2023-09-19 22:54:23 --> Unknown column 'id_kw' in 'where clause'
ERROR - 2023-09-19 22:54:24 --> Unknown column 'id_kw' in 'where clause'
ERROR - 2023-09-19 22:54:24 --> Unknown column 'id_kw' in 'where clause'
ERROR - 2023-09-19 22:54:24 --> Unknown column 'id_kw' in 'where clause'
ERROR - 2023-09-19 22:54:25 --> Unknown column 'id_kw' in 'where clause'
ERROR - 2023-09-19 22:54:25 --> Unknown column 'id_kw' in 'where clause'
ERROR - 2023-09-19 22:54:26 --> Unknown column 'id_kw' in 'where clause'
ERROR - 2023-09-19 22:54:26 --> Unknown column 'id_kw' in 'where clause'
ERROR - 2023-09-19 22:54:27 --> Unknown column 'id_kw' in 'where clause'
ERROR - 2023-09-19 22:54:27 --> Unknown column 'id_kw' in 'where clause'
ERROR - 2023-09-19 22:54:27 --> Unknown column 'id_kw' in 'where clause'
ERROR - 2023-09-19 22:54:28 --> Unknown column 'id_kw' in 'where clause'
ERROR - 2023-09-19 22:54:28 --> Unknown column 'id_kw' in 'where clause'
ERROR - 2023-09-19 22:54:29 --> Unknown column 'id_kw' in 'where clause'
ERROR - 2023-09-19 22:54:29 --> Unknown column 'id_kw' in 'where clause'
ERROR - 2023-09-19 22:54:30 --> Unknown column 'id_kw' in 'where clause'
ERROR - 2023-09-19 22:54:30 --> Unknown column 'id_kw' in 'where clause'
ERROR - 2023-09-19 22:54:31 --> Unknown column 'id_kw' in 'where clause'
ERROR - 2023-09-19 22:57:29 --> Unknown column 'id_kw' in 'where clause'
ERROR - 2023-09-19 22:57:29 --> Unknown column 'id_kw' in 'where clause'
ERROR - 2023-09-19 22:57:30 --> Unknown column 'id_kw' in 'where clause'
ERROR - 2023-09-19 22:57:30 --> Unknown column 'id_kw' in 'where clause'
ERROR - 2023-09-19 22:57:31 --> Unknown column 'id_kw' in 'where clause'
ERROR - 2023-09-19 22:57:31 --> Unknown column 'id_kw' in 'where clause'
ERROR - 2023-09-19 22:57:31 --> Unknown column 'id_kw' in 'where clause'
ERROR - 2023-09-19 22:57:32 --> Unknown column 'id_kw' in 'where clause'
ERROR - 2023-09-19 22:57:32 --> Unknown column 'id_kw' in 'where clause'
ERROR - 2023-09-19 22:57:33 --> Unknown column 'id_kw' in 'where clause'
ERROR - 2023-09-19 22:57:33 --> Unknown column 'id_kw' in 'where clause'
ERROR - 2023-09-19 22:57:33 --> Unknown column 'id_kw' in 'where clause'
ERROR - 2023-09-19 22:57:34 --> Unknown column 'id_kw' in 'where clause'
ERROR - 2023-09-19 22:57:34 --> Unknown column 'id_kw' in 'where clause'
ERROR - 2023-09-19 22:57:35 --> Unknown column 'id_kw' in 'where clause'
ERROR - 2023-09-19 22:57:35 --> Unknown column 'id_kw' in 'where clause'
ERROR - 2023-09-19 22:57:36 --> Unknown column 'id_kw' in 'where clause'
ERROR - 2023-09-19 22:57:36 --> Unknown column 'id_kw' in 'where clause'
ERROR - 2023-09-19 22:57:37 --> Unknown column 'id_kw' in 'where clause'
ERROR - 2023-09-19 22:57:37 --> Unknown column 'id_kw' in 'where clause'
ERROR - 2023-09-19 22:58:18 --> Unknown column 'id_kw' in 'where clause'
ERROR - 2023-09-19 22:58:18 --> Unknown column 'id_kw' in 'where clause'
ERROR - 2023-09-19 22:58:19 --> Unknown column 'id_kw' in 'where clause'
ERROR - 2023-09-19 22:58:19 --> Unknown column 'id_kw' in 'where clause'
ERROR - 2023-09-19 22:58:19 --> Unknown column 'id_kw' in 'where clause'
ERROR - 2023-09-19 22:58:20 --> Unknown column 'id_kw' in 'where clause'
ERROR - 2023-09-19 22:58:20 --> Unknown column 'id_kw' in 'where clause'
ERROR - 2023-09-19 22:58:21 --> Unknown column 'id_kw' in 'where clause'
ERROR - 2023-09-19 22:58:21 --> Unknown column 'id_kw' in 'where clause'
ERROR - 2023-09-19 22:58:22 --> Unknown column 'id_kw' in 'where clause'
ERROR - 2023-09-19 22:58:22 --> Unknown column 'id_kw' in 'where clause'
ERROR - 2023-09-19 22:58:23 --> Unknown column 'id_kw' in 'where clause'
ERROR - 2023-09-19 22:58:23 --> Unknown column 'id_kw' in 'where clause'
ERROR - 2023-09-19 22:58:23 --> Unknown column 'id_kw' in 'where clause'
ERROR - 2023-09-19 22:58:24 --> Unknown column 'id_kw' in 'where clause'
ERROR - 2023-09-19 22:58:24 --> Unknown column 'id_kw' in 'where clause'
ERROR - 2023-09-19 22:58:25 --> Unknown column 'id_kw' in 'where clause'
ERROR - 2023-09-19 22:58:25 --> Unknown column 'id_kw' in 'where clause'
ERROR - 2023-09-19 22:58:26 --> Unknown column 'id_kw' in 'where clause'
ERROR - 2023-09-19 22:58:26 --> Unknown column 'id_kw' in 'where clause'
ERROR - 2023-09-19 23:06:10 --> Column 'id_bill' cannot be null
CRITICAL - 2023-09-19 23:19:18 --> count(): Parameter must be an array or an object that implements Countable
#0 C:\xampp\htdocs\poss\app\Views\menu.php(384): CodeIgniter\Debug\Exceptions->errorHandler(2, 'count(): Parame...', 'C:\\xampp\\htdocs...', 384, Array)
#1 C:\xampp\htdocs\poss\system\View\View.php(210): include('C:\\xampp\\htdocs...')
#2 C:\xampp\htdocs\poss\system\View\View.php(213): CodeIgniter\View\View->CodeIgniter\View\{closure}()
#3 C:\xampp\htdocs\poss\system\Common.php(1089): CodeIgniter\View\View->render('menu', Array, true)
#4 C:\xampp\htdocs\poss\app\Controllers\Home.php(76): view('menu')
#5 C:\xampp\htdocs\poss\system\CodeIgniter.php(832): App\Controllers\Home->dashboard()
#6 C:\xampp\htdocs\poss\system\CodeIgniter.php(419): CodeIgniter\CodeIgniter->runController(Object(App\Controllers\Home))
#7 C:\xampp\htdocs\poss\system\CodeIgniter.php(326): CodeIgniter\CodeIgniter->handleRequest(NULL, Object(Config\Cache), false)
#8 C:\xampp\htdocs\poss\public\index.php(37): CodeIgniter\CodeIgniter->run()
#9 C:\xampp\htdocs\poss\system\Commands\Server\rewrite.php(43): require_once('C:\\xampp\\htdocs...')
#10 {main}
CRITICAL - 2023-09-19 23:20:00 --> count(): Parameter must be an array or an object that implements Countable
#0 C:\xampp\htdocs\poss\app\Views\menu.php(384): CodeIgniter\Debug\Exceptions->errorHandler(2, 'count(): Parame...', 'C:\\xampp\\htdocs...', 384, Array)
#1 C:\xampp\htdocs\poss\system\View\View.php(210): include('C:\\xampp\\htdocs...')
#2 C:\xampp\htdocs\poss\system\View\View.php(213): CodeIgniter\View\View->CodeIgniter\View\{closure}()
#3 C:\xampp\htdocs\poss\system\Common.php(1089): CodeIgniter\View\View->render('menu', Array, true)
#4 C:\xampp\htdocs\poss\app\Controllers\Home.php(76): view('menu')
#5 C:\xampp\htdocs\poss\system\CodeIgniter.php(832): App\Controllers\Home->dashboard()
#6 C:\xampp\htdocs\poss\system\CodeIgniter.php(419): CodeIgniter\CodeIgniter->runController(Object(App\Controllers\Home))
#7 C:\xampp\htdocs\poss\system\CodeIgniter.php(326): CodeIgniter\CodeIgniter->handleRequest(NULL, Object(Config\Cache), false)
#8 C:\xampp\htdocs\poss\public\index.php(37): CodeIgniter\CodeIgniter->run()
#9 C:\xampp\htdocs\poss\system\Commands\Server\rewrite.php(43): require_once('C:\\xampp\\htdocs...')
#10 {main}
CRITICAL - 2023-09-19 23:20:41 --> count(): Parameter must be an array or an object that implements Countable
#0 C:\xampp\htdocs\poss\app\Views\menu.php(384): CodeIgniter\Debug\Exceptions->errorHandler(2, 'count(): Parame...', 'C:\\xampp\\htdocs...', 384, Array)
#1 C:\xampp\htdocs\poss\system\View\View.php(210): include('C:\\xampp\\htdocs...')
#2 C:\xampp\htdocs\poss\system\View\View.php(213): CodeIgniter\View\View->CodeIgniter\View\{closure}()
#3 C:\xampp\htdocs\poss\system\Common.php(1089): CodeIgniter\View\View->render('menu', Array, true)
#4 C:\xampp\htdocs\poss\app\Controllers\Home.php(76): view('menu')
#5 C:\xampp\htdocs\poss\system\CodeIgniter.php(832): App\Controllers\Home->dashboard()
#6 C:\xampp\htdocs\poss\system\CodeIgniter.php(419): CodeIgniter\CodeIgniter->runController(Object(App\Controllers\Home))
#7 C:\xampp\htdocs\poss\system\CodeIgniter.php(326): CodeIgniter\CodeIgniter->handleRequest(NULL, Object(Config\Cache), false)
#8 C:\xampp\htdocs\poss\public\index.php(37): CodeIgniter\CodeIgniter->run()
#9 C:\xampp\htdocs\poss\system\Commands\Server\rewrite.php(43): require_once('C:\\xampp\\htdocs...')
#10 {main}
CRITICAL - 2023-09-19 23:21:24 --> count(): Parameter must be an array or an object that implements Countable
#0 C:\xampp\htdocs\poss\app\Views\menu.php(384): CodeIgniter\Debug\Exceptions->errorHandler(2, 'count(): Parame...', 'C:\\xampp\\htdocs...', 384, Array)
#1 C:\xampp\htdocs\poss\system\View\View.php(210): include('C:\\xampp\\htdocs...')
#2 C:\xampp\htdocs\poss\system\View\View.php(213): CodeIgniter\View\View->CodeIgniter\View\{closure}()
#3 C:\xampp\htdocs\poss\system\Common.php(1089): CodeIgniter\View\View->render('menu', Array, true)
#4 C:\xampp\htdocs\poss\app\Controllers\Home.php(76): view('menu')
#5 C:\xampp\htdocs\poss\system\CodeIgniter.php(832): App\Controllers\Home->dashboard()
#6 C:\xampp\htdocs\poss\system\CodeIgniter.php(419): CodeIgniter\CodeIgniter->runController(Object(App\Controllers\Home))
#7 C:\xampp\htdocs\poss\system\CodeIgniter.php(326): CodeIgniter\CodeIgniter->handleRequest(NULL, Object(Config\Cache), false)
#8 C:\xampp\htdocs\poss\public\index.php(37): CodeIgniter\CodeIgniter->run()
#9 C:\xampp\htdocs\poss\system\Commands\Server\rewrite.php(43): require_once('C:\\xampp\\htdocs...')
#10 {main}
CRITICAL - 2023-09-19 23:22:10 --> count(): Parameter must be an array or an object that implements Countable
#0 C:\xampp\htdocs\poss\app\Views\menu.php(384): CodeIgniter\Debug\Exceptions->errorHandler(2, 'count(): Parame...', 'C:\\xampp\\htdocs...', 384, Array)
#1 C:\xampp\htdocs\poss\system\View\View.php(210): include('C:\\xampp\\htdocs...')
#2 C:\xampp\htdocs\poss\system\View\View.php(213): CodeIgniter\View\View->CodeIgniter\View\{closure}()
#3 C:\xampp\htdocs\poss\system\Common.php(1089): CodeIgniter\View\View->render('menu', Array, true)
#4 C:\xampp\htdocs\poss\app\Controllers\Home.php(77): view('menu')
#5 C:\xampp\htdocs\poss\system\CodeIgniter.php(832): App\Controllers\Home->dashboard()
#6 C:\xampp\htdocs\poss\system\CodeIgniter.php(419): CodeIgniter\CodeIgniter->runController(Object(App\Controllers\Home))
#7 C:\xampp\htdocs\poss\system\CodeIgniter.php(326): CodeIgniter\CodeIgniter->handleRequest(NULL, Object(Config\Cache), false)
#8 C:\xampp\htdocs\poss\public\index.php(37): CodeIgniter\CodeIgniter->run()
#9 C:\xampp\htdocs\poss\system\Commands\Server\rewrite.php(43): require_once('C:\\xampp\\htdocs...')
#10 {main}
CRITICAL - 2023-09-19 23:22:30 --> count(): Parameter must be an array or an object that implements Countable
#0 C:\xampp\htdocs\poss\app\Views\menu.php(384): CodeIgniter\Debug\Exceptions->errorHandler(2, 'count(): Parame...', 'C:\\xampp\\htdocs...', 384, Array)
#1 C:\xampp\htdocs\poss\system\View\View.php(210): include('C:\\xampp\\htdocs...')
#2 C:\xampp\htdocs\poss\system\View\View.php(213): CodeIgniter\View\View->CodeIgniter\View\{closure}()
#3 C:\xampp\htdocs\poss\system\Common.php(1089): CodeIgniter\View\View->render('menu', Array, true)
#4 C:\xampp\htdocs\poss\app\Controllers\Home.php(77): view('menu')
#5 C:\xampp\htdocs\poss\system\CodeIgniter.php(832): App\Controllers\Home->dashboard()
#6 C:\xampp\htdocs\poss\system\CodeIgniter.php(419): CodeIgniter\CodeIgniter->runController(Object(App\Controllers\Home))
#7 C:\xampp\htdocs\poss\system\CodeIgniter.php(326): CodeIgniter\CodeIgniter->handleRequest(NULL, Object(Config\Cache), false)
#8 C:\xampp\htdocs\poss\public\index.php(37): CodeIgniter\CodeIgniter->run()
#9 C:\xampp\htdocs\poss\system\Commands\Server\rewrite.php(43): require_once('C:\\xampp\\htdocs...')
#10 {main}
CRITICAL - 2023-09-19 23:23:00 --> count(): Parameter must be an array or an object that implements Countable
#0 C:\xampp\htdocs\poss\app\Views\menu.php(384): CodeIgniter\Debug\Exceptions->errorHandler(2, 'count(): Parame...', 'C:\\xampp\\htdocs...', 384, Array)
#1 C:\xampp\htdocs\poss\system\View\View.php(210): include('C:\\xampp\\htdocs...')
#2 C:\xampp\htdocs\poss\system\View\View.php(213): CodeIgniter\View\View->CodeIgniter\View\{closure}()
#3 C:\xampp\htdocs\poss\system\Common.php(1089): CodeIgniter\View\View->render('menu', Array, true)
#4 C:\xampp\htdocs\poss\app\Controllers\Home.php(77): view('menu')
#5 C:\xampp\htdocs\poss\system\CodeIgniter.php(832): App\Controllers\Home->dashboard()
#6 C:\xampp\htdocs\poss\system\CodeIgniter.php(419): CodeIgniter\CodeIgniter->runController(Object(App\Controllers\Home))
#7 C:\xampp\htdocs\poss\system\CodeIgniter.php(326): CodeIgniter\CodeIgniter->handleRequest(NULL, Object(Config\Cache), false)
#8 C:\xampp\htdocs\poss\public\index.php(37): CodeIgniter\CodeIgniter->run()
#9 C:\xampp\htdocs\poss\system\Commands\Server\rewrite.php(43): require_once('C:\\xampp\\htdocs...')
#10 {main}
CRITICAL - 2023-09-19 23:27:02 --> count(): Parameter must be an array or an object that implements Countable
#0 C:\xampp\htdocs\poss\app\Views\menu.php(385): CodeIgniter\Debug\Exceptions->errorHandler(2, 'count(): Parame...', 'C:\\xampp\\htdocs...', 385, Array)
#1 C:\xampp\htdocs\poss\system\View\View.php(210): include('C:\\xampp\\htdocs...')
#2 C:\xampp\htdocs\poss\system\View\View.php(213): CodeIgniter\View\View->CodeIgniter\View\{closure}()
#3 C:\xampp\htdocs\poss\system\Common.php(1089): CodeIgniter\View\View->render('menu', Array, true)
#4 C:\xampp\htdocs\poss\app\Controllers\Home.php(77): view('menu')
#5 C:\xampp\htdocs\poss\system\CodeIgniter.php(832): App\Controllers\Home->dashboard()
#6 C:\xampp\htdocs\poss\system\CodeIgniter.php(419): CodeIgniter\CodeIgniter->runController(Object(App\Controllers\Home))
#7 C:\xampp\htdocs\poss\system\CodeIgniter.php(326): CodeIgniter\CodeIgniter->handleRequest(NULL, Object(Config\Cache), false)
#8 C:\xampp\htdocs\poss\public\index.php(37): CodeIgniter\CodeIgniter->run()
#9 C:\xampp\htdocs\poss\system\Commands\Server\rewrite.php(43): require_once('C:\\xampp\\htdocs...')
#10 {main}
CRITICAL - 2023-09-19 23:28:10 --> count(): Parameter must be an array or an object that implements Countable
#0 C:\xampp\htdocs\poss\app\Views\menu.php(385): CodeIgniter\Debug\Exceptions->errorHandler(2, 'count(): Parame...', 'C:\\xampp\\htdocs...', 385, Array)
#1 C:\xampp\htdocs\poss\system\View\View.php(210): include('C:\\xampp\\htdocs...')
#2 C:\xampp\htdocs\poss\system\View\View.php(213): CodeIgniter\View\View->CodeIgniter\View\{closure}()
#3 C:\xampp\htdocs\poss\system\Common.php(1089): CodeIgniter\View\View->render('menu', Array, true)
#4 C:\xampp\htdocs\poss\app\Controllers\Home.php(77): view('menu')
#5 C:\xampp\htdocs\poss\system\CodeIgniter.php(832): App\Controllers\Home->dashboard()
#6 C:\xampp\htdocs\poss\system\CodeIgniter.php(419): CodeIgniter\CodeIgniter->runController(Object(App\Controllers\Home))
#7 C:\xampp\htdocs\poss\system\CodeIgniter.php(326): CodeIgniter\CodeIgniter->handleRequest(NULL, Object(Config\Cache), false)
#8 C:\xampp\htdocs\poss\public\index.php(37): CodeIgniter\CodeIgniter->run()
#9 C:\xampp\htdocs\poss\system\Commands\Server\rewrite.php(43): require_once('C:\\xampp\\htdocs...')
#10 {main}
CRITICAL - 2023-09-19 23:32:04 --> count(): Parameter must be an array or an object that implements Countable
#0 C:\xampp\htdocs\poss\app\Views\menu.php(383): CodeIgniter\Debug\Exceptions->errorHandler(2, 'count(): Parame...', 'C:\\xampp\\htdocs...', 383, Array)
#1 C:\xampp\htdocs\poss\system\View\View.php(210): include('C:\\xampp\\htdocs...')
#2 C:\xampp\htdocs\poss\system\View\View.php(213): CodeIgniter\View\View->CodeIgniter\View\{closure}()
#3 C:\xampp\htdocs\poss\system\Common.php(1089): CodeIgniter\View\View->render('menu', Array, true)
#4 C:\xampp\htdocs\poss\app\Controllers\Home.php(77): view('menu')
#5 C:\xampp\htdocs\poss\system\CodeIgniter.php(832): App\Controllers\Home->dashboard()
#6 C:\xampp\htdocs\poss\system\CodeIgniter.php(419): CodeIgniter\CodeIgniter->runController(Object(App\Controllers\Home))
#7 C:\xampp\htdocs\poss\system\CodeIgniter.php(326): CodeIgniter\CodeIgniter->handleRequest(NULL, Object(Config\Cache), false)
#8 C:\xampp\htdocs\poss\public\index.php(37): CodeIgniter\CodeIgniter->run()
#9 C:\xampp\htdocs\poss\system\Commands\Server\rewrite.php(43): require_once('C:\\xampp\\htdocs...')
#10 {main}
CRITICAL - 2023-09-19 23:33:18 --> count(): Parameter must be an array or an object that implements Countable
#0 C:\xampp\htdocs\poss\app\Views\menu.php(383): CodeIgniter\Debug\Exceptions->errorHandler(2, 'count(): Parame...', 'C:\\xampp\\htdocs...', 383, Array)
#1 C:\xampp\htdocs\poss\system\View\View.php(210): include('C:\\xampp\\htdocs...')
#2 C:\xampp\htdocs\poss\system\View\View.php(213): CodeIgniter\View\View->CodeIgniter\View\{closure}()
#3 C:\xampp\htdocs\poss\system\Common.php(1089): CodeIgniter\View\View->render('menu', Array, true)
#4 C:\xampp\htdocs\poss\app\Controllers\Home.php(77): view('menu')
#5 C:\xampp\htdocs\poss\system\CodeIgniter.php(832): App\Controllers\Home->dashboard()
#6 C:\xampp\htdocs\poss\system\CodeIgniter.php(419): CodeIgniter\CodeIgniter->runController(Object(App\Controllers\Home))
#7 C:\xampp\htdocs\poss\system\CodeIgniter.php(326): CodeIgniter\CodeIgniter->handleRequest(NULL, Object(Config\Cache), false)
#8 C:\xampp\htdocs\poss\public\index.php(37): CodeIgniter\CodeIgniter->run()
#9 C:\xampp\htdocs\poss\system\Commands\Server\rewrite.php(43): require_once('C:\\xampp\\htdocs...')
#10 {main}
