CRITICAL - 2022-11-14 10:24:45 --> Argument 2 passed to view() must be of the type array, null given, called in C:\xampp\htdocs\poss\app\Controllers\Home.php on line 156
#0 C:\xampp\htdocs\poss\app\Controllers\Home.php(156): view('transaksi', NULL)
#1 C:\xampp\htdocs\poss\system\CodeIgniter.php(832): App\Controllers\Home->t_transaksi()
#2 C:\xampp\htdocs\poss\system\CodeIgniter.php(419): CodeIgniter\CodeIgniter->runController(Object(App\Controllers\Home))
#3 C:\xampp\htdocs\poss\system\CodeIgniter.php(326): CodeIgniter\CodeIgniter->handleRequest(NULL, Object(Config\Cache), false)
#4 C:\xampp\htdocs\poss\public\index.php(37): CodeIgniter\CodeIgniter->run()
#5 C:\xampp\htdocs\poss\system\Commands\Server\rewrite.php(43): require_once('C:\\xampp\\htdocs...')
#6 {main}
CRITICAL - 2022-11-14 10:27:13 --> Invalid argument supplied for foreach()
#0 C:\xampp\htdocs\poss\app\Views\t_transaksi.php(32): CodeIgniter\Debug\Exceptions->errorHandler(2, 'Invalid argumen...', 'C:\\xampp\\htdocs...', 32, Array)
#1 C:\xampp\htdocs\poss\system\View\View.php(210): include('C:\\xampp\\htdocs...')
#2 C:\xampp\htdocs\poss\system\View\View.php(213): CodeIgniter\View\View->CodeIgniter\View\{closure}()
#3 C:\xampp\htdocs\poss\system\Common.php(1089): CodeIgniter\View\View->render('t_transaksi', Array, true)
#4 C:\xampp\htdocs\poss\app\Controllers\Home.php(156): view('t_transaksi', Array)
#5 C:\xampp\htdocs\poss\system\CodeIgniter.php(832): App\Controllers\Home->t_transaksi()
#6 C:\xampp\htdocs\poss\system\CodeIgniter.php(419): CodeIgniter\CodeIgniter->runController(Object(App\Controllers\Home))
#7 C:\xampp\htdocs\poss\system\CodeIgniter.php(326): CodeIgniter\CodeIgniter->handleRequest(NULL, Object(Config\Cache), false)
#8 C:\xampp\htdocs\poss\public\index.php(37): CodeIgniter\CodeIgniter->run()
#9 C:\xampp\htdocs\poss\system\Commands\Server\rewrite.php(43): require_once('C:\\xampp\\htdocs...')
#10 {main}
CRITICAL - 2022-11-14 10:34:44 --> Class 'App\Controllers\M_model' not found
#0 C:\xampp\htdocs\poss\system\CodeIgniter.php(832): App\Controllers\Home->aksi_simpant()
#1 C:\xampp\htdocs\poss\system\CodeIgniter.php(419): CodeIgniter\CodeIgniter->runController(Object(App\Controllers\Home))
#2 C:\xampp\htdocs\poss\system\CodeIgniter.php(326): CodeIgniter\CodeIgniter->handleRequest(NULL, Object(Config\Cache), false)
#3 C:\xampp\htdocs\poss\public\index.php(37): CodeIgniter\CodeIgniter->run()
#4 C:\xampp\htdocs\poss\system\Commands\Server\rewrite.php(43): require_once('C:\\xampp\\htdocs...')
#5 {main}
ERROR - 2022-11-14 10:38:11 --> Column 'NAMA' cannot be null
ERROR - 2022-11-14 10:50:39 --> Column 'NAMA' cannot be null
CRITICAL - 2022-11-14 11:06:20 --> You must set the database table to be used with your query.
#0 C:\xampp\htdocs\poss\system\Model.php(545): CodeIgniter\Database\BaseConnection->table(NULL)
#1 C:\xampp\htdocs\poss\system\Model.php(722): CodeIgniter\Model->builder()
#2 C:\xampp\htdocs\poss\app\Controllers\Home.php(103): CodeIgniter\Model->__call('simpan', Array)
#3 C:\xampp\htdocs\poss\system\CodeIgniter.php(832): App\Controllers\Home->aksi_simpank()
#4 C:\xampp\htdocs\poss\system\CodeIgniter.php(419): CodeIgniter\CodeIgniter->runController(Object(App\Controllers\Home))
#5 C:\xampp\htdocs\poss\system\CodeIgniter.php(326): CodeIgniter\CodeIgniter->handleRequest(NULL, Object(Config\Cache), false)
#6 C:\xampp\htdocs\poss\public\index.php(37): CodeIgniter\CodeIgniter->run()
#7 C:\xampp\htdocs\poss\system\Commands\Server\rewrite.php(43): require_once('C:\\xampp\\htdocs...')
#8 {main}
ERROR - 2022-11-14 11:09:33 --> Column 'username' cannot be null
CRITICAL - 2022-11-14 11:09:33 --> You must set the database table to be used with your query.
#0 C:\xampp\htdocs\poss\system\Model.php(545): CodeIgniter\Database\BaseConnection->table(NULL)
#1 C:\xampp\htdocs\poss\system\Model.php(722): CodeIgniter\Model->builder()
#2 C:\xampp\htdocs\poss\app\Controllers\Home.php(105): CodeIgniter\Model->__call('getarray', Array)
#3 C:\xampp\htdocs\poss\system\CodeIgniter.php(832): App\Controllers\Home->aksi_simpank()
#4 C:\xampp\htdocs\poss\system\CodeIgniter.php(419): CodeIgniter\CodeIgniter->runController(Object(App\Controllers\Home))
#5 C:\xampp\htdocs\poss\system\CodeIgniter.php(326): CodeIgniter\CodeIgniter->handleRequest(NULL, Object(Config\Cache), false)
#6 C:\xampp\htdocs\poss\public\index.php(37): CodeIgniter\CodeIgniter->run()
#7 C:\xampp\htdocs\poss\system\Commands\Server\rewrite.php(43): require_once('C:\\xampp\\htdocs...')
#8 {main}
ERROR - 2022-11-14 11:09:46 --> Column 'username' cannot be null
CRITICAL - 2022-11-14 11:09:46 --> You must set the database table to be used with your query.
#0 C:\xampp\htdocs\poss\system\Model.php(545): CodeIgniter\Database\BaseConnection->table(NULL)
#1 C:\xampp\htdocs\poss\system\Model.php(722): CodeIgniter\Model->builder()
#2 C:\xampp\htdocs\poss\app\Controllers\Home.php(105): CodeIgniter\Model->__call('getarray', Array)
#3 C:\xampp\htdocs\poss\system\CodeIgniter.php(832): App\Controllers\Home->aksi_simpank()
#4 C:\xampp\htdocs\poss\system\CodeIgniter.php(419): CodeIgniter\CodeIgniter->runController(Object(App\Controllers\Home))
#5 C:\xampp\htdocs\poss\system\CodeIgniter.php(326): CodeIgniter\CodeIgniter->handleRequest(NULL, Object(Config\Cache), false)
#6 C:\xampp\htdocs\poss\public\index.php(37): CodeIgniter\CodeIgniter->run()
#7 C:\xampp\htdocs\poss\system\Commands\Server\rewrite.php(43): require_once('C:\\xampp\\htdocs...')
#8 {main}
ERROR - 2022-11-14 11:11:17 --> Table 'pointofsale.index' doesn't exist
CRITICAL - 2022-11-14 11:11:17 --> You must set the database table to be used with your query.
#0 C:\xampp\htdocs\poss\system\Model.php(545): CodeIgniter\Database\BaseConnection->table(NULL)
#1 C:\xampp\htdocs\poss\system\Model.php(722): CodeIgniter\Model->builder()
#2 C:\xampp\htdocs\poss\app\Controllers\Home.php(105): CodeIgniter\Model->__call('getarray', Array)
#3 C:\xampp\htdocs\poss\system\CodeIgniter.php(832): App\Controllers\Home->aksi_simpank()
#4 C:\xampp\htdocs\poss\system\CodeIgniter.php(419): CodeIgniter\CodeIgniter->runController(Object(App\Controllers\Home))
#5 C:\xampp\htdocs\poss\system\CodeIgniter.php(326): CodeIgniter\CodeIgniter->handleRequest(NULL, Object(Config\Cache), false)
#6 C:\xampp\htdocs\poss\public\index.php(37): CodeIgniter\CodeIgniter->run()
#7 C:\xampp\htdocs\poss\system\Commands\Server\rewrite.php(43): require_once('C:\\xampp\\htdocs...')
#8 {main}
