CRITICAL - 2022-11-30 07:58:33 --> Class 'App\Controllers\M_model' not found
#0 C:\xampp\htdocs\poss\system\CodeIgniter.php(832): App\Controllers\Home->ganti_profile('6')
#1 C:\xampp\htdocs\poss\system\CodeIgniter.php(419): CodeIgniter\CodeIgniter->runController(Object(App\Controllers\Home))
#2 C:\xampp\htdocs\poss\system\CodeIgniter.php(326): CodeIgniter\CodeIgniter->handleRequest(NULL, Object(Config\Cache), false)
#3 C:\xampp\htdocs\poss\public\index.php(37): CodeIgniter\CodeIgniter->run()
#4 C:\xampp\htdocs\poss\system\Commands\Server\rewrite.php(43): require_once('C:\\xampp\\htdocs...')
#5 {main}
CRITICAL - 2022-11-30 08:00:17 --> Class 'App\Controllers\M_model' not found
#0 C:\xampp\htdocs\poss\system\CodeIgniter.php(832): App\Controllers\Home->ganti_profile('6')
#1 C:\xampp\htdocs\poss\system\CodeIgniter.php(419): CodeIgniter\CodeIgniter->runController(Object(App\Controllers\Home))
#2 C:\xampp\htdocs\poss\system\CodeIgniter.php(326): CodeIgniter\CodeIgniter->handleRequest(NULL, Object(Config\Cache), false)
#3 C:\xampp\htdocs\poss\public\index.php(37): CodeIgniter\CodeIgniter->run()
#4 C:\xampp\htdocs\poss\system\Commands\Server\rewrite.php(43): require_once('C:\\xampp\\htdocs...')
#5 {main}
CRITICAL - 2022-11-30 08:00:24 --> Class 'App\Controllers\M_model' not found
#0 C:\xampp\htdocs\poss\system\CodeIgniter.php(832): App\Controllers\Home->ganti_profile('6')
#1 C:\xampp\htdocs\poss\system\CodeIgniter.php(419): CodeIgniter\CodeIgniter->runController(Object(App\Controllers\Home))
#2 C:\xampp\htdocs\poss\system\CodeIgniter.php(326): CodeIgniter\CodeIgniter->handleRequest(NULL, Object(Config\Cache), false)
#3 C:\xampp\htdocs\poss\public\index.php(37): CodeIgniter\CodeIgniter->run()
#4 C:\xampp\htdocs\poss\system\Commands\Server\rewrite.php(43): require_once('C:\\xampp\\htdocs...')
#5 {main}
ERROR - 2022-11-30 08:00:45 --> Unknown column 'id_kw' in 'where clause'
ERROR - 2022-11-30 08:01:43 --> Unknown column 'id_kw' in 'where clause'
ERROR - 2022-11-30 08:01:44 --> Unknown column 'id_kw' in 'where clause'
ERROR - 2022-11-30 08:01:44 --> Unknown column 'id_kw' in 'where clause'
ERROR - 2022-11-30 08:01:45 --> Unknown column 'id_kw' in 'where clause'
ERROR - 2022-11-30 08:01:45 --> Unknown column 'id_kw' in 'where clause'
ERROR - 2022-11-30 08:01:45 --> Unknown column 'id_kw' in 'where clause'
ERROR - 2022-11-30 08:01:46 --> Unknown column 'id_kw' in 'where clause'
ERROR - 2022-11-30 08:01:46 --> Unknown column 'id_kw' in 'where clause'
ERROR - 2022-11-30 08:01:47 --> Unknown column 'id_kw' in 'where clause'
ERROR - 2022-11-30 08:01:47 --> Unknown column 'id_kw' in 'where clause'
ERROR - 2022-11-30 08:01:48 --> Unknown column 'id_kw' in 'where clause'
ERROR - 2022-11-30 08:01:48 --> Unknown column 'id_kw' in 'where clause'
ERROR - 2022-11-30 08:01:48 --> Unknown column 'id_kw' in 'where clause'
ERROR - 2022-11-30 08:01:49 --> Unknown column 'id_kw' in 'where clause'
ERROR - 2022-11-30 08:01:49 --> Unknown column 'id_kw' in 'where clause'
ERROR - 2022-11-30 08:01:50 --> Unknown column 'id_kw' in 'where clause'
ERROR - 2022-11-30 08:01:50 --> Unknown column 'id_kw' in 'where clause'
ERROR - 2022-11-30 08:01:51 --> Unknown column 'id_kw' in 'where clause'
ERROR - 2022-11-30 08:01:51 --> Unknown column 'id_kw' in 'where clause'
ERROR - 2022-11-30 08:01:52 --> Unknown column 'id_kw' in 'where clause'
ERROR - 2022-11-30 08:01:54 --> Unknown column 'id_kw' in 'where clause'
ERROR - 2022-11-30 08:01:55 --> Unknown column 'id_kw' in 'where clause'
ERROR - 2022-11-30 08:01:56 --> Unknown column 'id_kw' in 'where clause'
ERROR - 2022-11-30 08:01:57 --> Unknown column 'id_kw' in 'where clause'
ERROR - 2022-11-30 08:01:57 --> Unknown column 'id_kw' in 'where clause'
ERROR - 2022-11-30 08:01:57 --> Unknown column 'id_kw' in 'where clause'
ERROR - 2022-11-30 08:01:58 --> Unknown column 'id_kw' in 'where clause'
ERROR - 2022-11-30 08:01:59 --> Unknown column 'id_kw' in 'where clause'
ERROR - 2022-11-30 08:01:59 --> Unknown column 'id_kw' in 'where clause'
ERROR - 2022-11-30 08:02:00 --> Unknown column 'id_kw' in 'where clause'
ERROR - 2022-11-30 08:02:00 --> Unknown column 'id_kw' in 'where clause'
ERROR - 2022-11-30 08:02:20 --> Unknown column 'id_kw' in 'where clause'
ERROR - 2022-11-30 08:02:21 --> Unknown column 'id_kw' in 'where clause'
ERROR - 2022-11-30 08:02:21 --> Unknown column 'id_kw' in 'where clause'
ERROR - 2022-11-30 08:02:22 --> Unknown column 'id_kw' in 'where clause'
ERROR - 2022-11-30 08:02:22 --> Unknown column 'id_kw' in 'where clause'
ERROR - 2022-11-30 08:02:23 --> Unknown column 'id_kw' in 'where clause'
ERROR - 2022-11-30 08:02:23 --> Unknown column 'id_kw' in 'where clause'
ERROR - 2022-11-30 08:02:24 --> Unknown column 'id_kw' in 'where clause'
ERROR - 2022-11-30 08:02:24 --> Unknown column 'id_kw' in 'where clause'
ERROR - 2022-11-30 08:02:25 --> Unknown column 'id_kw' in 'where clause'
ERROR - 2022-11-30 08:02:25 --> Unknown column 'id_kw' in 'where clause'
ERROR - 2022-11-30 08:02:25 --> Unknown column 'id_kw' in 'where clause'
ERROR - 2022-11-30 08:02:26 --> Unknown column 'id_kw' in 'where clause'
ERROR - 2022-11-30 08:02:26 --> Unknown column 'id_kw' in 'where clause'
ERROR - 2022-11-30 08:02:27 --> Unknown column 'id_kw' in 'where clause'
ERROR - 2022-11-30 08:02:27 --> Unknown column 'id_kw' in 'where clause'
ERROR - 2022-11-30 08:02:28 --> Unknown column 'id_kw' in 'where clause'
ERROR - 2022-11-30 08:02:28 --> Unknown column 'id_kw' in 'where clause'
ERROR - 2022-11-30 08:02:29 --> Unknown column 'id_kw' in 'where clause'
ERROR - 2022-11-30 08:02:29 --> Unknown column 'id_kw' in 'where clause'
ERROR - 2022-11-30 08:02:32 --> Unknown column 'id_kw' in 'where clause'
ERROR - 2022-11-30 08:02:33 --> Unknown column 'id_kw' in 'where clause'
ERROR - 2022-11-30 08:02:33 --> Unknown column 'id_kw' in 'where clause'
ERROR - 2022-11-30 08:02:34 --> Unknown column 'id_kw' in 'where clause'
ERROR - 2022-11-30 08:02:34 --> Unknown column 'id_kw' in 'where clause'
ERROR - 2022-11-30 08:02:35 --> Unknown column 'id_kw' in 'where clause'
ERROR - 2022-11-30 08:02:35 --> Unknown column 'id_kw' in 'where clause'
ERROR - 2022-11-30 08:02:36 --> Unknown column 'id_kw' in 'where clause'
ERROR - 2022-11-30 08:02:37 --> Unknown column 'id_kw' in 'where clause'
ERROR - 2022-11-30 08:02:37 --> Unknown column 'id_kw' in 'where clause'
ERROR - 2022-11-30 08:02:38 --> Unknown column 'id_kw' in 'where clause'
ERROR - 2022-11-30 08:02:38 --> Unknown column 'id_kw' in 'where clause'
ERROR - 2022-11-30 08:02:39 --> Unknown column 'id_kw' in 'where clause'
ERROR - 2022-11-30 08:02:39 --> Unknown column 'id_kw' in 'where clause'
ERROR - 2022-11-30 08:02:40 --> Unknown column 'id_kw' in 'where clause'
ERROR - 2022-11-30 08:02:40 --> Unknown column 'id_kw' in 'where clause'
ERROR - 2022-11-30 08:02:41 --> Unknown column 'id_kw' in 'where clause'
ERROR - 2022-11-30 08:02:42 --> Unknown column 'id_kw' in 'where clause'
ERROR - 2022-11-30 08:02:42 --> Unknown column 'id_kw' in 'where clause'
ERROR - 2022-11-30 08:02:42 --> Unknown column 'id_kw' in 'where clause'
ERROR - 2022-11-30 08:02:48 --> Unknown column 'id_kw' in 'where clause'
ERROR - 2022-11-30 08:02:49 --> Unknown column 'id_kw' in 'where clause'
ERROR - 2022-11-30 08:02:50 --> Unknown column 'id_kw' in 'where clause'
ERROR - 2022-11-30 08:02:51 --> Unknown column 'id_kw' in 'where clause'
ERROR - 2022-11-30 08:02:51 --> Unknown column 'id_kw' in 'where clause'
ERROR - 2022-11-30 08:02:52 --> Unknown column 'id_kw' in 'where clause'
ERROR - 2022-11-30 08:02:52 --> Unknown column 'id_kw' in 'where clause'
ERROR - 2022-11-30 08:02:53 --> Unknown column 'id_kw' in 'where clause'
ERROR - 2022-11-30 08:02:53 --> Unknown column 'id_kw' in 'where clause'
ERROR - 2022-11-30 08:02:54 --> Unknown column 'id_kw' in 'where clause'
ERROR - 2022-11-30 08:02:54 --> Unknown column 'id_kw' in 'where clause'
ERROR - 2022-11-30 08:02:55 --> Unknown column 'id_kw' in 'where clause'
ERROR - 2022-11-30 08:02:55 --> Unknown column 'id_kw' in 'where clause'
ERROR - 2022-11-30 08:02:56 --> Unknown column 'id_kw' in 'where clause'
ERROR - 2022-11-30 08:02:56 --> Unknown column 'id_kw' in 'where clause'
ERROR - 2022-11-30 08:02:57 --> Unknown column 'id_kw' in 'where clause'
ERROR - 2022-11-30 08:02:57 --> Unknown column 'id_kw' in 'where clause'
ERROR - 2022-11-30 08:02:58 --> Unknown column 'id_kw' in 'where clause'
ERROR - 2022-11-30 08:02:58 --> Unknown column 'id_kw' in 'where clause'
ERROR - 2022-11-30 08:02:59 --> Unknown column 'id_kw' in 'where clause'
ERROR - 2022-11-30 08:03:30 --> Unknown column 'id_kw' in 'where clause'
ERROR - 2022-11-30 08:03:30 --> Unknown column 'id_kw' in 'where clause'
ERROR - 2022-11-30 08:03:31 --> Unknown column 'id_kw' in 'where clause'
ERROR - 2022-11-30 08:03:31 --> Unknown column 'id_kw' in 'where clause'
ERROR - 2022-11-30 08:03:32 --> Unknown column 'id_kw' in 'where clause'
ERROR - 2022-11-30 08:03:32 --> Unknown column 'id_kw' in 'where clause'
ERROR - 2022-11-30 08:03:32 --> Unknown column 'id_kw' in 'where clause'
ERROR - 2022-11-30 08:03:33 --> Unknown column 'id_kw' in 'where clause'
ERROR - 2022-11-30 08:03:33 --> Unknown column 'id_kw' in 'where clause'
ERROR - 2022-11-30 08:03:34 --> Unknown column 'id_kw' in 'where clause'
ERROR - 2022-11-30 08:03:34 --> Unknown column 'id_kw' in 'where clause'
ERROR - 2022-11-30 08:03:35 --> Unknown column 'id_kw' in 'where clause'
ERROR - 2022-11-30 08:03:35 --> Unknown column 'id_kw' in 'where clause'
ERROR - 2022-11-30 08:03:35 --> Unknown column 'id_kw' in 'where clause'
ERROR - 2022-11-30 08:03:36 --> Unknown column 'id_kw' in 'where clause'
ERROR - 2022-11-30 08:03:36 --> Unknown column 'id_kw' in 'where clause'
ERROR - 2022-11-30 08:03:37 --> Unknown column 'id_kw' in 'where clause'
ERROR - 2022-11-30 08:03:37 --> Unknown column 'id_kw' in 'where clause'
ERROR - 2022-11-30 08:03:38 --> Unknown column 'id_kw' in 'where clause'
ERROR - 2022-11-30 08:03:38 --> Unknown column 'id_kw' in 'where clause'
ERROR - 2022-11-30 08:04:39 --> Unknown column 'id_kw' in 'where clause'
ERROR - 2022-11-30 08:04:40 --> Unknown column 'id_kw' in 'where clause'
ERROR - 2022-11-30 08:04:41 --> Unknown column 'id_kw' in 'where clause'
ERROR - 2022-11-30 08:04:41 --> Unknown column 'id_kw' in 'where clause'
ERROR - 2022-11-30 08:04:42 --> Unknown column 'id_kw' in 'where clause'
ERROR - 2022-11-30 08:04:42 --> Unknown column 'id_kw' in 'where clause'
ERROR - 2022-11-30 08:04:43 --> Unknown column 'id_kw' in 'where clause'
ERROR - 2022-11-30 08:04:43 --> Unknown column 'id_kw' in 'where clause'
ERROR - 2022-11-30 08:04:44 --> Unknown column 'id_kw' in 'where clause'
ERROR - 2022-11-30 08:04:45 --> Unknown column 'id_kw' in 'where clause'
ERROR - 2022-11-30 08:04:45 --> Unknown column 'id_kw' in 'where clause'
ERROR - 2022-11-30 08:04:46 --> Unknown column 'id_kw' in 'where clause'
ERROR - 2022-11-30 08:04:46 --> Unknown column 'id_kw' in 'where clause'
ERROR - 2022-11-30 08:04:47 --> Unknown column 'id_kw' in 'where clause'
ERROR - 2022-11-30 08:04:48 --> Unknown column 'id_kw' in 'where clause'
ERROR - 2022-11-30 08:04:48 --> Unknown column 'id_kw' in 'where clause'
ERROR - 2022-11-30 08:04:49 --> Unknown column 'id_kw' in 'where clause'
ERROR - 2022-11-30 08:04:49 --> Unknown column 'id_kw' in 'where clause'
ERROR - 2022-11-30 08:04:50 --> Unknown column 'id_kw' in 'where clause'
ERROR - 2022-11-30 08:04:51 --> Unknown column 'id_kw' in 'where clause'
ERROR - 2022-11-30 08:09:51 --> Unknown column 'id_kw' in 'where clause'
ERROR - 2022-11-30 08:09:52 --> Unknown column 'id_kw' in 'where clause'
ERROR - 2022-11-30 08:09:53 --> Unknown column 'id_kw' in 'where clause'
ERROR - 2022-11-30 08:09:54 --> Unknown column 'id_kw' in 'where clause'
ERROR - 2022-11-30 08:09:54 --> Unknown column 'id_kw' in 'where clause'
ERROR - 2022-11-30 08:09:55 --> Unknown column 'id_kw' in 'where clause'
ERROR - 2022-11-30 08:09:55 --> Unknown column 'id_kw' in 'where clause'
ERROR - 2022-11-30 08:09:56 --> Unknown column 'id_kw' in 'where clause'
ERROR - 2022-11-30 08:09:57 --> Unknown column 'id_kw' in 'where clause'
ERROR - 2022-11-30 08:10:00 --> Unknown column 'id_kw' in 'where clause'
ERROR - 2022-11-30 08:10:01 --> Unknown column 'id_kw' in 'where clause'
ERROR - 2022-11-30 08:10:02 --> Unknown column 'id_kw' in 'where clause'
ERROR - 2022-11-30 08:10:03 --> Unknown column 'id_kw' in 'where clause'
ERROR - 2022-11-30 08:10:04 --> Unknown column 'id_kw' in 'where clause'
ERROR - 2022-11-30 08:10:05 --> Unknown column 'id_kw' in 'where clause'
ERROR - 2022-11-30 08:10:06 --> Unknown column 'id_kw' in 'where clause'
ERROR - 2022-11-30 08:10:07 --> Unknown column 'id_kw' in 'where clause'
ERROR - 2022-11-30 08:10:08 --> Unknown column 'id_kw' in 'where clause'
ERROR - 2022-11-30 08:10:09 --> Unknown column 'id_kw' in 'where clause'
ERROR - 2022-11-30 08:10:09 --> Unknown column 'id_kw' in 'where clause'
