CRITICAL - 2022-11-07 00:47:39 --> Too few arguments to function App\Controllers\Home::clear_pm(), 0 passed in C:\xampp\htdocs\poss\system\CodeIgniter.php on line 832 and exactly 1 expected
#0 C:\xampp\htdocs\poss\system\CodeIgniter.php(832): App\Controllers\Home->clear_pm()
#1 C:\xampp\htdocs\poss\system\CodeIgniter.php(419): CodeIgniter\CodeIgniter->runController(Object(App\Controllers\Home))
#2 C:\xampp\htdocs\poss\system\CodeIgniter.php(326): CodeIgniter\CodeIgniter->handleRequest(NULL, Object(Config\Cache), false)
#3 C:\xampp\htdocs\poss\public\index.php(37): CodeIgniter\CodeIgniter->run()
#4 C:\xampp\htdocs\poss\system\Commands\Server\rewrite.php(43): require_once('C:\\xampp\\htdocs...')
#5 {main}
CRITICAL - 2022-11-07 00:49:53 --> Too few arguments to function App\Controllers\Home::clear_pm(), 0 passed in C:\xampp\htdocs\poss\system\CodeIgniter.php on line 832 and exactly 1 expected
#0 C:\xampp\htdocs\poss\system\CodeIgniter.php(832): App\Controllers\Home->clear_pm()
#1 C:\xampp\htdocs\poss\system\CodeIgniter.php(419): CodeIgniter\CodeIgniter->runController(Object(App\Controllers\Home))
#2 C:\xampp\htdocs\poss\system\CodeIgniter.php(326): CodeIgniter\CodeIgniter->handleRequest(NULL, Object(Config\Cache), false)
#3 C:\xampp\htdocs\poss\public\index.php(37): CodeIgniter\CodeIgniter->run()
#4 C:\xampp\htdocs\poss\system\Commands\Server\rewrite.php(43): require_once('C:\\xampp\\htdocs...')
#5 {main}
CRITICAL - 2022-11-07 01:08:08 --> Too few arguments to function App\Controllers\Home::ppm(), 0 passed in C:\xampp\htdocs\poss\system\CodeIgniter.php on line 832 and exactly 1 expected
#0 C:\xampp\htdocs\poss\system\CodeIgniter.php(832): App\Controllers\Home->ppm()
#1 C:\xampp\htdocs\poss\system\CodeIgniter.php(419): CodeIgniter\CodeIgniter->runController(Object(App\Controllers\Home))
#2 C:\xampp\htdocs\poss\system\CodeIgniter.php(326): CodeIgniter\CodeIgniter->handleRequest(NULL, Object(Config\Cache), false)
#3 C:\xampp\htdocs\poss\public\index.php(37): CodeIgniter\CodeIgniter->run()
#4 C:\xampp\htdocs\poss\system\Commands\Server\rewrite.php(43): require_once('C:\\xampp\\htdocs...')
#5 {main}
CRITICAL - 2022-11-07 01:10:48 --> Too few arguments to function App\Controllers\Home::ppm(), 0 passed in C:\xampp\htdocs\poss\system\CodeIgniter.php on line 832 and exactly 1 expected
#0 C:\xampp\htdocs\poss\system\CodeIgniter.php(832): App\Controllers\Home->ppm()
#1 C:\xampp\htdocs\poss\system\CodeIgniter.php(419): CodeIgniter\CodeIgniter->runController(Object(App\Controllers\Home))
#2 C:\xampp\htdocs\poss\system\CodeIgniter.php(326): CodeIgniter\CodeIgniter->handleRequest(NULL, Object(Config\Cache), false)
#3 C:\xampp\htdocs\poss\public\index.php(37): CodeIgniter\CodeIgniter->run()
#4 C:\xampp\htdocs\poss\system\Commands\Server\rewrite.php(43): require_once('C:\\xampp\\htdocs...')
#5 {main}
CRITICAL - 2022-11-07 01:19:00 --> Too few arguments to function App\Controllers\Home::ppm(), 0 passed in C:\xampp\htdocs\poss\system\CodeIgniter.php on line 832 and exactly 1 expected
#0 C:\xampp\htdocs\poss\system\CodeIgniter.php(832): App\Controllers\Home->ppm()
#1 C:\xampp\htdocs\poss\system\CodeIgniter.php(419): CodeIgniter\CodeIgniter->runController(Object(App\Controllers\Home))
#2 C:\xampp\htdocs\poss\system\CodeIgniter.php(326): CodeIgniter\CodeIgniter->handleRequest(NULL, Object(Config\Cache), false)
#3 C:\xampp\htdocs\poss\public\index.php(37): CodeIgniter\CodeIgniter->run()
#4 C:\xampp\htdocs\poss\system\Commands\Server\rewrite.php(43): require_once('C:\\xampp\\htdocs...')
#5 {main}
CRITICAL - 2022-11-07 01:19:36 --> Invalid file: barangmasuk.php
#0 C:\xampp\htdocs\poss\system\View\View.php(198): CodeIgniter\Exceptions\FrameworkException::forInvalidFile('barangmasuk.php')
#1 C:\xampp\htdocs\poss\system\Common.php(1089): CodeIgniter\View\View->render('barangmasuk', Array, true)
#2 C:\xampp\htdocs\poss\app\Controllers\Home.php(62): view('barangmasuk', Array)
#3 C:\xampp\htdocs\poss\system\CodeIgniter.php(832): App\Controllers\Home->ppm()
#4 C:\xampp\htdocs\poss\system\CodeIgniter.php(419): CodeIgniter\CodeIgniter->runController(Object(App\Controllers\Home))
#5 C:\xampp\htdocs\poss\system\CodeIgniter.php(326): CodeIgniter\CodeIgniter->handleRequest(NULL, Object(Config\Cache), false)
#6 C:\xampp\htdocs\poss\public\index.php(37): CodeIgniter\CodeIgniter->run()
#7 C:\xampp\htdocs\poss\system\Commands\Server\rewrite.php(43): require_once('C:\\xampp\\htdocs...')
#8 {main}
ERROR - 2022-11-07 01:20:11 --> Table 'pointofsale.tbm' doesn't exist
CRITICAL - 2022-11-07 01:20:11 --> Call to a member function getResult() on bool
#0 C:\xampp\htdocs\poss\app\Controllers\Home.php(59): App\Models\M_pj->tampil('tbm')
#1 C:\xampp\htdocs\poss\system\CodeIgniter.php(832): App\Controllers\Home->ppm()
#2 C:\xampp\htdocs\poss\system\CodeIgniter.php(419): CodeIgniter\CodeIgniter->runController(Object(App\Controllers\Home))
#3 C:\xampp\htdocs\poss\system\CodeIgniter.php(326): CodeIgniter\CodeIgniter->handleRequest(NULL, Object(Config\Cache), false)
#4 C:\xampp\htdocs\poss\public\index.php(37): CodeIgniter\CodeIgniter->run()
#5 C:\xampp\htdocs\poss\system\Commands\Server\rewrite.php(43): require_once('C:\\xampp\\htdocs...')
#6 {main}
ERROR - 2022-11-07 01:21:34 --> Table 'pointofsale.tbm' doesn't exist
CRITICAL - 2022-11-07 01:21:34 --> Call to a member function getResult() on bool
#0 C:\xampp\htdocs\poss\app\Controllers\Home.php(59): App\Models\M_pj->tampil('tbm')
#1 C:\xampp\htdocs\poss\system\CodeIgniter.php(832): App\Controllers\Home->ppm()
#2 C:\xampp\htdocs\poss\system\CodeIgniter.php(419): CodeIgniter\CodeIgniter->runController(Object(App\Controllers\Home))
#3 C:\xampp\htdocs\poss\system\CodeIgniter.php(326): CodeIgniter\CodeIgniter->handleRequest(NULL, Object(Config\Cache), false)
#4 C:\xampp\htdocs\poss\public\index.php(37): CodeIgniter\CodeIgniter->run()
#5 C:\xampp\htdocs\poss\system\Commands\Server\rewrite.php(43): require_once('C:\\xampp\\htdocs...')
#6 {main}
CRITICAL - 2022-11-07 02:04:37 --> syntax error, unexpected '}', expecting ';'
#0 C:\xampp\htdocs\poss\system\Router\Router.php(175): CodeIgniter\Router\Router->autoRoute('Home/ppm')
#1 C:\xampp\htdocs\poss\system\CodeIgniter.php(726): CodeIgniter\Router\Router->handle('Home/ppm')
#2 C:\xampp\htdocs\poss\system\CodeIgniter.php(368): CodeIgniter\CodeIgniter->tryToRouteIt(Object(CodeIgniter\Router\RouteCollection))
#3 C:\xampp\htdocs\poss\system\CodeIgniter.php(326): CodeIgniter\CodeIgniter->handleRequest(NULL, Object(Config\Cache), false)
#4 C:\xampp\htdocs\poss\public\index.php(37): CodeIgniter\CodeIgniter->run()
#5 C:\xampp\htdocs\poss\system\Commands\Server\rewrite.php(43): require_once('C:\\xampp\\htdocs...')
#6 {main}
