CRITICAL - 2022-11-23 00:25:59 --> syntax error, unexpected 'else' (T_ELSE), expecting function (T_FUNCTION) or const (T_CONST)
#0 C:\xampp\htdocs\poss\system\Router\Router.php(175): CodeIgniter\Router\Router->autoRoute('Home/karyawan')
#1 C:\xampp\htdocs\poss\system\CodeIgniter.php(726): CodeIgniter\Router\Router->handle('Home/karyawan')
#2 C:\xampp\htdocs\poss\system\CodeIgniter.php(368): CodeIgniter\CodeIgniter->tryToRouteIt(Object(CodeIgniter\Router\RouteCollection))
#3 C:\xampp\htdocs\poss\system\CodeIgniter.php(326): CodeIgniter\CodeIgniter->handleRequest(NULL, Object(Config\Cache), false)
#4 C:\xampp\htdocs\poss\public\index.php(37): CodeIgniter\CodeIgniter->run()
#5 C:\xampp\htdocs\poss\system\Commands\Server\rewrite.php(43): require_once('C:\\xampp\\htdocs...')
#6 {main}
CRITICAL - 2022-11-23 00:34:44 --> syntax error, unexpected 'else' (T_ELSE), expecting function (T_FUNCTION) or const (T_CONST)
#0 C:\xampp\htdocs\poss\system\Router\Router.php(175): CodeIgniter\Router\Router->autoRoute('Home/karyawan')
#1 C:\xampp\htdocs\poss\system\CodeIgniter.php(726): CodeIgniter\Router\Router->handle('Home/karyawan')
#2 C:\xampp\htdocs\poss\system\CodeIgniter.php(368): CodeIgniter\CodeIgniter->tryToRouteIt(Object(CodeIgniter\Router\RouteCollection))
#3 C:\xampp\htdocs\poss\system\CodeIgniter.php(326): CodeIgniter\CodeIgniter->handleRequest(NULL, Object(Config\Cache), false)
#4 C:\xampp\htdocs\poss\public\index.php(37): CodeIgniter\CodeIgniter->run()
#5 C:\xampp\htdocs\poss\system\Commands\Server\rewrite.php(43): require_once('C:\\xampp\\htdocs...')
#6 {main}
CRITICAL - 2022-11-23 00:34:59 --> syntax error, unexpected 'else' (T_ELSE), expecting function (T_FUNCTION) or const (T_CONST)
#0 C:\xampp\htdocs\poss\system\Router\Router.php(175): CodeIgniter\Router\Router->autoRoute('Home/karyawan')
#1 C:\xampp\htdocs\poss\system\CodeIgniter.php(726): CodeIgniter\Router\Router->handle('Home/karyawan')
#2 C:\xampp\htdocs\poss\system\CodeIgniter.php(368): CodeIgniter\CodeIgniter->tryToRouteIt(Object(CodeIgniter\Router\RouteCollection))
#3 C:\xampp\htdocs\poss\system\CodeIgniter.php(326): CodeIgniter\CodeIgniter->handleRequest(NULL, Object(Config\Cache), false)
#4 C:\xampp\htdocs\poss\public\index.php(37): CodeIgniter\CodeIgniter->run()
#5 C:\xampp\htdocs\poss\system\Commands\Server\rewrite.php(43): require_once('C:\\xampp\\htdocs...')
#6 {main}
CRITICAL - 2022-11-23 01:02:56 --> syntax error, unexpected end of file
#0 C:\xampp\htdocs\poss\system\View\View.php(213): CodeIgniter\View\View->CodeIgniter\View\{closure}()
#1 C:\xampp\htdocs\poss\system\Common.php(1089): CodeIgniter\View\View->render('menu', Array, true)
#2 C:\xampp\htdocs\poss\app\Controllers\Home.php(276): view('menu')
#3 C:\xampp\htdocs\poss\system\CodeIgniter.php(832): App\Controllers\Home->dashboard()
#4 C:\xampp\htdocs\poss\system\CodeIgniter.php(419): CodeIgniter\CodeIgniter->runController(Object(App\Controllers\Home))
#5 C:\xampp\htdocs\poss\system\CodeIgniter.php(326): CodeIgniter\CodeIgniter->handleRequest(NULL, Object(Config\Cache), false)
#6 C:\xampp\htdocs\poss\public\index.php(37): CodeIgniter\CodeIgniter->run()
#7 C:\xampp\htdocs\poss\system\Commands\Server\rewrite.php(43): require_once('C:\\xampp\\htdocs...')
#8 {main}
CRITICAL - 2022-11-23 01:04:21 --> syntax error, unexpected end of file
#0 C:\xampp\htdocs\poss\system\View\View.php(213): CodeIgniter\View\View->CodeIgniter\View\{closure}()
#1 C:\xampp\htdocs\poss\system\Common.php(1089): CodeIgniter\View\View->render('menu', Array, true)
#2 C:\xampp\htdocs\poss\app\Controllers\Home.php(276): view('menu')
#3 C:\xampp\htdocs\poss\system\CodeIgniter.php(832): App\Controllers\Home->dashboard()
#4 C:\xampp\htdocs\poss\system\CodeIgniter.php(419): CodeIgniter\CodeIgniter->runController(Object(App\Controllers\Home))
#5 C:\xampp\htdocs\poss\system\CodeIgniter.php(326): CodeIgniter\CodeIgniter->handleRequest(NULL, Object(Config\Cache), false)
#6 C:\xampp\htdocs\poss\public\index.php(37): CodeIgniter\CodeIgniter->run()
#7 C:\xampp\htdocs\poss\system\Commands\Server\rewrite.php(43): require_once('C:\\xampp\\htdocs...')
#8 {main}
CRITICAL - 2022-11-23 01:19:46 --> syntax error, unexpected end of file
#0 C:\xampp\htdocs\poss\system\View\View.php(213): CodeIgniter\View\View->CodeIgniter\View\{closure}()
#1 C:\xampp\htdocs\poss\system\Common.php(1089): CodeIgniter\View\View->render('menu', Array, true)
#2 C:\xampp\htdocs\poss\app\Controllers\Home.php(276): view('menu')
#3 C:\xampp\htdocs\poss\system\CodeIgniter.php(832): App\Controllers\Home->dashboard()
#4 C:\xampp\htdocs\poss\system\CodeIgniter.php(419): CodeIgniter\CodeIgniter->runController(Object(App\Controllers\Home))
#5 C:\xampp\htdocs\poss\system\CodeIgniter.php(326): CodeIgniter\CodeIgniter->handleRequest(NULL, Object(Config\Cache), false)
#6 C:\xampp\htdocs\poss\public\index.php(37): CodeIgniter\CodeIgniter->run()
#7 C:\xampp\htdocs\poss\system\Commands\Server\rewrite.php(43): require_once('C:\\xampp\\htdocs...')
#8 {main}
CRITICAL - 2022-11-23 01:22:17 --> syntax error, unexpected end of file
#0 C:\xampp\htdocs\poss\system\View\View.php(213): CodeIgniter\View\View->CodeIgniter\View\{closure}()
#1 C:\xampp\htdocs\poss\system\Common.php(1089): CodeIgniter\View\View->render('menu', Array, true)
#2 C:\xampp\htdocs\poss\app\Controllers\Home.php(241): view('menu')
#3 C:\xampp\htdocs\poss\system\CodeIgniter.php(832): App\Controllers\Home->transaksi()
#4 C:\xampp\htdocs\poss\system\CodeIgniter.php(419): CodeIgniter\CodeIgniter->runController(Object(App\Controllers\Home))
#5 C:\xampp\htdocs\poss\system\CodeIgniter.php(326): CodeIgniter\CodeIgniter->handleRequest(NULL, Object(Config\Cache), false)
#6 C:\xampp\htdocs\poss\public\index.php(37): CodeIgniter\CodeIgniter->run()
#7 C:\xampp\htdocs\poss\system\Commands\Server\rewrite.php(43): require_once('C:\\xampp\\htdocs...')
#8 {main}
CRITICAL - 2022-11-23 01:22:48 --> syntax error, unexpected end of file
#0 C:\xampp\htdocs\poss\system\View\View.php(213): CodeIgniter\View\View->CodeIgniter\View\{closure}()
#1 C:\xampp\htdocs\poss\system\Common.php(1089): CodeIgniter\View\View->render('menu', Array, true)
#2 C:\xampp\htdocs\poss\app\Controllers\Home.php(241): view('menu')
#3 C:\xampp\htdocs\poss\system\CodeIgniter.php(832): App\Controllers\Home->transaksi()
#4 C:\xampp\htdocs\poss\system\CodeIgniter.php(419): CodeIgniter\CodeIgniter->runController(Object(App\Controllers\Home))
#5 C:\xampp\htdocs\poss\system\CodeIgniter.php(326): CodeIgniter\CodeIgniter->handleRequest(NULL, Object(Config\Cache), false)
#6 C:\xampp\htdocs\poss\public\index.php(37): CodeIgniter\CodeIgniter->run()
#7 C:\xampp\htdocs\poss\system\Commands\Server\rewrite.php(43): require_once('C:\\xampp\\htdocs...')
#8 {main}
CRITICAL - 2022-11-23 01:28:31 --> syntax error, unexpected end of file
#0 C:\xampp\htdocs\poss\system\View\View.php(213): CodeIgniter\View\View->CodeIgniter\View\{closure}()
#1 C:\xampp\htdocs\poss\system\Common.php(1089): CodeIgniter\View\View->render('menu', Array, true)
#2 C:\xampp\htdocs\poss\app\Controllers\Home.php(241): view('menu')
#3 C:\xampp\htdocs\poss\system\CodeIgniter.php(832): App\Controllers\Home->transaksi()
#4 C:\xampp\htdocs\poss\system\CodeIgniter.php(419): CodeIgniter\CodeIgniter->runController(Object(App\Controllers\Home))
#5 C:\xampp\htdocs\poss\system\CodeIgniter.php(326): CodeIgniter\CodeIgniter->handleRequest(NULL, Object(Config\Cache), false)
#6 C:\xampp\htdocs\poss\public\index.php(37): CodeIgniter\CodeIgniter->run()
#7 C:\xampp\htdocs\poss\system\Commands\Server\rewrite.php(43): require_once('C:\\xampp\\htdocs...')
#8 {main}
CRITICAL - 2022-11-23 01:38:24 --> syntax error, unexpected end of file
#0 C:\xampp\htdocs\poss\system\View\View.php(213): CodeIgniter\View\View->CodeIgniter\View\{closure}()
#1 C:\xampp\htdocs\poss\system\Common.php(1089): CodeIgniter\View\View->render('menu', Array, true)
#2 C:\xampp\htdocs\poss\app\Controllers\Home.php(241): view('menu')
#3 C:\xampp\htdocs\poss\system\CodeIgniter.php(832): App\Controllers\Home->transaksi()
#4 C:\xampp\htdocs\poss\system\CodeIgniter.php(419): CodeIgniter\CodeIgniter->runController(Object(App\Controllers\Home))
#5 C:\xampp\htdocs\poss\system\CodeIgniter.php(326): CodeIgniter\CodeIgniter->handleRequest(NULL, Object(Config\Cache), false)
#6 C:\xampp\htdocs\poss\public\index.php(37): CodeIgniter\CodeIgniter->run()
#7 C:\xampp\htdocs\poss\system\Commands\Server\rewrite.php(43): require_once('C:\\xampp\\htdocs...')
#8 {main}
CRITICAL - 2022-11-23 01:38:26 --> syntax error, unexpected end of file
#0 C:\xampp\htdocs\poss\system\View\View.php(213): CodeIgniter\View\View->CodeIgniter\View\{closure}()
#1 C:\xampp\htdocs\poss\system\Common.php(1089): CodeIgniter\View\View->render('menu', Array, true)
#2 C:\xampp\htdocs\poss\app\Controllers\Home.php(276): view('menu')
#3 C:\xampp\htdocs\poss\system\CodeIgniter.php(832): App\Controllers\Home->dashboard()
#4 C:\xampp\htdocs\poss\system\CodeIgniter.php(419): CodeIgniter\CodeIgniter->runController(Object(App\Controllers\Home))
#5 C:\xampp\htdocs\poss\system\CodeIgniter.php(326): CodeIgniter\CodeIgniter->handleRequest(NULL, Object(Config\Cache), false)
#6 C:\xampp\htdocs\poss\public\index.php(37): CodeIgniter\CodeIgniter->run()
#7 C:\xampp\htdocs\poss\system\Commands\Server\rewrite.php(43): require_once('C:\\xampp\\htdocs...')
#8 {main}
CRITICAL - 2022-11-23 01:38:34 --> syntax error, unexpected end of file
#0 C:\xampp\htdocs\poss\system\View\View.php(213): CodeIgniter\View\View->CodeIgniter\View\{closure}()
#1 C:\xampp\htdocs\poss\system\Common.php(1089): CodeIgniter\View\View->render('menu', Array, true)
#2 C:\xampp\htdocs\poss\app\Controllers\Home.php(276): view('menu')
#3 C:\xampp\htdocs\poss\system\CodeIgniter.php(832): App\Controllers\Home->dashboard()
#4 C:\xampp\htdocs\poss\system\CodeIgniter.php(419): CodeIgniter\CodeIgniter->runController(Object(App\Controllers\Home))
#5 C:\xampp\htdocs\poss\system\CodeIgniter.php(326): CodeIgniter\CodeIgniter->handleRequest(NULL, Object(Config\Cache), false)
#6 C:\xampp\htdocs\poss\public\index.php(37): CodeIgniter\CodeIgniter->run()
#7 C:\xampp\htdocs\poss\system\Commands\Server\rewrite.php(43): require_once('C:\\xampp\\htdocs...')
#8 {main}
CRITICAL - 2022-11-23 01:46:56 --> syntax error, unexpected '}', expecting end of file
#0 C:\xampp\htdocs\poss\system\View\View.php(213): CodeIgniter\View\View->CodeIgniter\View\{closure}()
#1 C:\xampp\htdocs\poss\system\Common.php(1089): CodeIgniter\View\View->render('menu', Array, true)
#2 C:\xampp\htdocs\poss\app\Controllers\Home.php(241): view('menu')
#3 C:\xampp\htdocs\poss\system\CodeIgniter.php(832): App\Controllers\Home->transaksi()
#4 C:\xampp\htdocs\poss\system\CodeIgniter.php(419): CodeIgniter\CodeIgniter->runController(Object(App\Controllers\Home))
#5 C:\xampp\htdocs\poss\system\CodeIgniter.php(326): CodeIgniter\CodeIgniter->handleRequest(NULL, Object(Config\Cache), false)
#6 C:\xampp\htdocs\poss\public\index.php(37): CodeIgniter\CodeIgniter->run()
#7 C:\xampp\htdocs\poss\system\Commands\Server\rewrite.php(43): require_once('C:\\xampp\\htdocs...')
#8 {main}
CRITICAL - 2022-11-23 09:35:36 --> syntax error, unexpected 'else' (T_ELSE), expecting function (T_FUNCTION) or const (T_CONST)
#0 C:\xampp\htdocs\poss\system\Router\Router.php(175): CodeIgniter\Router\Router->autoRoute('home/l_brg')
#1 C:\xampp\htdocs\poss\system\CodeIgniter.php(726): CodeIgniter\Router\Router->handle('home/l_brg')
#2 C:\xampp\htdocs\poss\system\CodeIgniter.php(368): CodeIgniter\CodeIgniter->tryToRouteIt(Object(CodeIgniter\Router\RouteCollection))
#3 C:\xampp\htdocs\poss\system\CodeIgniter.php(326): CodeIgniter\CodeIgniter->handleRequest(NULL, Object(Config\Cache), false)
#4 C:\xampp\htdocs\poss\public\index.php(37): CodeIgniter\CodeIgniter->run()
#5 C:\xampp\htdocs\poss\system\Commands\Server\rewrite.php(43): require_once('C:\\xampp\\htdocs...')
#6 {main}
CRITICAL - 2022-11-23 09:35:44 --> syntax error, unexpected 'else' (T_ELSE), expecting function (T_FUNCTION) or const (T_CONST)
#0 C:\xampp\htdocs\poss\system\Router\Router.php(175): CodeIgniter\Router\Router->autoRoute('Home/dashboard')
#1 C:\xampp\htdocs\poss\system\CodeIgniter.php(726): CodeIgniter\Router\Router->handle('Home/dashboard')
#2 C:\xampp\htdocs\poss\system\CodeIgniter.php(368): CodeIgniter\CodeIgniter->tryToRouteIt(Object(CodeIgniter\Router\RouteCollection))
#3 C:\xampp\htdocs\poss\system\CodeIgniter.php(326): CodeIgniter\CodeIgniter->handleRequest(NULL, Object(Config\Cache), false)
#4 C:\xampp\htdocs\poss\public\index.php(37): CodeIgniter\CodeIgniter->run()
#5 C:\xampp\htdocs\poss\system\Commands\Server\rewrite.php(43): require_once('C:\\xampp\\htdocs...')
#6 {main}
CRITICAL - 2022-11-23 09:35:52 --> syntax error, unexpected 'else' (T_ELSE), expecting function (T_FUNCTION) or const (T_CONST)
#0 C:\xampp\htdocs\poss\system\Router\Router.php(175): CodeIgniter\Router\Router->autoRoute('Home/login')
#1 C:\xampp\htdocs\poss\system\CodeIgniter.php(726): CodeIgniter\Router\Router->handle('Home/login')
#2 C:\xampp\htdocs\poss\system\CodeIgniter.php(368): CodeIgniter\CodeIgniter->tryToRouteIt(Object(CodeIgniter\Router\RouteCollection))
#3 C:\xampp\htdocs\poss\system\CodeIgniter.php(326): CodeIgniter\CodeIgniter->handleRequest(NULL, Object(Config\Cache), false)
#4 C:\xampp\htdocs\poss\public\index.php(37): CodeIgniter\CodeIgniter->run()
#5 C:\xampp\htdocs\poss\system\Commands\Server\rewrite.php(43): require_once('C:\\xampp\\htdocs...')
#6 {main}
CRITICAL - 2022-11-23 09:35:58 --> syntax error, unexpected 'else' (T_ELSE), expecting function (T_FUNCTION) or const (T_CONST)
#0 C:\xampp\htdocs\poss\system\Autoloader\Autoloader.php(241): CodeIgniter\Autoloader\Autoloader->includeFile('C:\\xampp\\htdocs...')
#1 C:\xampp\htdocs\poss\system\Autoloader\Autoloader.php(219): CodeIgniter\Autoloader\Autoloader->loadInNamespace('App\\Controllers...')
#2 [internal function]: CodeIgniter\Autoloader\Autoloader->loadClass('App\\Controllers...')
#3 [internal function]: spl_autoload_call('App\\Controllers...')
#4 C:\xampp\htdocs\poss\system\CodeIgniter.php(797): class_exists('\\App\\Controller...', true)
#5 C:\xampp\htdocs\poss\system\CodeIgniter.php(406): CodeIgniter\CodeIgniter->startController()
#6 C:\xampp\htdocs\poss\system\CodeIgniter.php(326): CodeIgniter\CodeIgniter->handleRequest(NULL, Object(Config\Cache), false)
#7 C:\xampp\htdocs\poss\public\index.php(37): CodeIgniter\CodeIgniter->run()
#8 C:\xampp\htdocs\poss\system\Commands\Server\rewrite.php(43): require_once('C:\\xampp\\htdocs...')
#9 {main}
CRITICAL - 2022-11-23 09:44:02 --> syntax error, unexpected 'else' (T_ELSE), expecting function (T_FUNCTION) or const (T_CONST)
#0 C:\xampp\htdocs\poss\system\Autoloader\Autoloader.php(241): CodeIgniter\Autoloader\Autoloader->includeFile('C:\\xampp\\htdocs...')
#1 C:\xampp\htdocs\poss\system\Autoloader\Autoloader.php(219): CodeIgniter\Autoloader\Autoloader->loadInNamespace('App\\Controllers...')
#2 [internal function]: CodeIgniter\Autoloader\Autoloader->loadClass('App\\Controllers...')
#3 [internal function]: spl_autoload_call('App\\Controllers...')
#4 C:\xampp\htdocs\poss\system\CodeIgniter.php(797): class_exists('\\App\\Controller...', true)
#5 C:\xampp\htdocs\poss\system\CodeIgniter.php(406): CodeIgniter\CodeIgniter->startController()
#6 C:\xampp\htdocs\poss\system\CodeIgniter.php(326): CodeIgniter\CodeIgniter->handleRequest(NULL, Object(Config\Cache), false)
#7 C:\xampp\htdocs\poss\public\index.php(37): CodeIgniter\CodeIgniter->run()
#8 C:\xampp\htdocs\poss\system\Commands\Server\rewrite.php(43): require_once('C:\\xampp\\htdocs...')
#9 {main}
CRITICAL - 2022-11-23 09:44:40 --> syntax error, unexpected 'else' (T_ELSE), expecting function (T_FUNCTION) or const (T_CONST)
#0 C:\xampp\htdocs\poss\system\Autoloader\Autoloader.php(241): CodeIgniter\Autoloader\Autoloader->includeFile('C:\\xampp\\htdocs...')
#1 C:\xampp\htdocs\poss\system\Autoloader\Autoloader.php(219): CodeIgniter\Autoloader\Autoloader->loadInNamespace('App\\Controllers...')
#2 [internal function]: CodeIgniter\Autoloader\Autoloader->loadClass('App\\Controllers...')
#3 [internal function]: spl_autoload_call('App\\Controllers...')
#4 C:\xampp\htdocs\poss\system\CodeIgniter.php(797): class_exists('\\App\\Controller...', true)
#5 C:\xampp\htdocs\poss\system\CodeIgniter.php(406): CodeIgniter\CodeIgniter->startController()
#6 C:\xampp\htdocs\poss\system\CodeIgniter.php(326): CodeIgniter\CodeIgniter->handleRequest(NULL, Object(Config\Cache), false)
#7 C:\xampp\htdocs\poss\public\index.php(37): CodeIgniter\CodeIgniter->run()
#8 C:\xampp\htdocs\poss\system\Commands\Server\rewrite.php(43): require_once('C:\\xampp\\htdocs...')
#9 {main}
CRITICAL - 2022-11-23 09:44:42 --> syntax error, unexpected 'else' (T_ELSE), expecting function (T_FUNCTION) or const (T_CONST)
#0 C:\xampp\htdocs\poss\system\Autoloader\Autoloader.php(241): CodeIgniter\Autoloader\Autoloader->includeFile('C:\\xampp\\htdocs...')
#1 C:\xampp\htdocs\poss\system\Autoloader\Autoloader.php(219): CodeIgniter\Autoloader\Autoloader->loadInNamespace('App\\Controllers...')
#2 [internal function]: CodeIgniter\Autoloader\Autoloader->loadClass('App\\Controllers...')
#3 [internal function]: spl_autoload_call('App\\Controllers...')
#4 C:\xampp\htdocs\poss\system\CodeIgniter.php(797): class_exists('\\App\\Controller...', true)
#5 C:\xampp\htdocs\poss\system\CodeIgniter.php(406): CodeIgniter\CodeIgniter->startController()
#6 C:\xampp\htdocs\poss\system\CodeIgniter.php(326): CodeIgniter\CodeIgniter->handleRequest(NULL, Object(Config\Cache), false)
#7 C:\xampp\htdocs\poss\public\index.php(37): CodeIgniter\CodeIgniter->run()
#8 C:\xampp\htdocs\poss\system\Commands\Server\rewrite.php(43): require_once('C:\\xampp\\htdocs...')
#9 {main}
CRITICAL - 2022-11-23 09:57:38 --> syntax error, unexpected 'else' (T_ELSE), expecting function (T_FUNCTION) or const (T_CONST)
#0 C:\xampp\htdocs\poss\system\Autoloader\Autoloader.php(241): CodeIgniter\Autoloader\Autoloader->includeFile('C:\\xampp\\htdocs...')
#1 C:\xampp\htdocs\poss\system\Autoloader\Autoloader.php(219): CodeIgniter\Autoloader\Autoloader->loadInNamespace('App\\Controllers...')
#2 [internal function]: CodeIgniter\Autoloader\Autoloader->loadClass('App\\Controllers...')
#3 [internal function]: spl_autoload_call('App\\Controllers...')
#4 C:\xampp\htdocs\poss\system\CodeIgniter.php(797): class_exists('\\App\\Controller...', true)
#5 C:\xampp\htdocs\poss\system\CodeIgniter.php(406): CodeIgniter\CodeIgniter->startController()
#6 C:\xampp\htdocs\poss\system\CodeIgniter.php(326): CodeIgniter\CodeIgniter->handleRequest(NULL, Object(Config\Cache), false)
#7 C:\xampp\htdocs\poss\public\index.php(37): CodeIgniter\CodeIgniter->run()
#8 C:\xampp\htdocs\poss\system\Commands\Server\rewrite.php(43): require_once('C:\\xampp\\htdocs...')
#9 {main}
CRITICAL - 2022-11-23 10:08:07 --> file_get_contents(C:\xampp\htdocs\v\public\images\cop-sph.jpg): failed to open stream: No such file or directory
#0 [internal function]: CodeIgniter\Debug\Exceptions->errorHandler(2, 'file_get_conten...', 'C:\\xampp\\htdocs...', 218, Array)
#1 C:\xampp\htdocs\poss\app\Controllers\Home.php(218): file_get_contents('C:\\xampp\\htdocs...')
#2 C:\xampp\htdocs\poss\system\CodeIgniter.php(832): App\Controllers\Home->cari_p()
#3 C:\xampp\htdocs\poss\system\CodeIgniter.php(419): CodeIgniter\CodeIgniter->runController(Object(App\Controllers\Home))
#4 C:\xampp\htdocs\poss\system\CodeIgniter.php(326): CodeIgniter\CodeIgniter->handleRequest(NULL, Object(Config\Cache), false)
#5 C:\xampp\htdocs\poss\public\index.php(37): CodeIgniter\CodeIgniter->run()
#6 C:\xampp\htdocs\poss\system\Commands\Server\rewrite.php(43): require_once('C:\\xampp\\htdocs...')
#7 {main}
CRITICAL - 2022-11-23 10:08:54 --> file_get_contents(C:\xampp\htdocs\public\images\cop-sph.jpg): failed to open stream: No such file or directory
#0 [internal function]: CodeIgniter\Debug\Exceptions->errorHandler(2, 'file_get_conten...', 'C:\\xampp\\htdocs...', 218, Array)
#1 C:\xampp\htdocs\poss\app\Controllers\Home.php(218): file_get_contents('C:\\xampp\\htdocs...')
#2 C:\xampp\htdocs\poss\system\CodeIgniter.php(832): App\Controllers\Home->cari_p()
#3 C:\xampp\htdocs\poss\system\CodeIgniter.php(419): CodeIgniter\CodeIgniter->runController(Object(App\Controllers\Home))
#4 C:\xampp\htdocs\poss\system\CodeIgniter.php(326): CodeIgniter\CodeIgniter->handleRequest(NULL, Object(Config\Cache), false)
#5 C:\xampp\htdocs\poss\public\index.php(37): CodeIgniter\CodeIgniter->run()
#6 C:\xampp\htdocs\poss\system\Commands\Server\rewrite.php(43): require_once('C:\\xampp\\htdocs...')
#7 {main}
CRITICAL - 2022-11-23 10:10:01 --> file_get_contents(C:\xampp\htdocs\poss\public\images\cop-sph.jpg): failed to open stream: No such file or directory
#0 [internal function]: CodeIgniter\Debug\Exceptions->errorHandler(2, 'file_get_conten...', 'C:\\xampp\\htdocs...', 218, Array)
#1 C:\xampp\htdocs\poss\app\Controllers\Home.php(218): file_get_contents('C:\\xampp\\htdocs...')
#2 C:\xampp\htdocs\poss\system\CodeIgniter.php(832): App\Controllers\Home->cari_p()
#3 C:\xampp\htdocs\poss\system\CodeIgniter.php(419): CodeIgniter\CodeIgniter->runController(Object(App\Controllers\Home))
#4 C:\xampp\htdocs\poss\system\CodeIgniter.php(326): CodeIgniter\CodeIgniter->handleRequest(NULL, Object(Config\Cache), false)
#5 C:\xampp\htdocs\poss\public\index.php(37): CodeIgniter\CodeIgniter->run()
#6 C:\xampp\htdocs\poss\system\Commands\Server\rewrite.php(43): require_once('C:\\xampp\\htdocs...')
#7 {main}
CRITICAL - 2022-11-23 10:33:08 --> Cannot redeclare App\Controllers\Home::clear_p()
#0 [internal function]: CodeIgniter\Debug\Exceptions->shutdownHandler()
#1 {main}
CRITICAL - 2022-11-23 10:34:49 --> file_get_contents(C:\xampp\htdocs\poss\public\images\cop-sph.jpg): failed to open stream: No such file or directory
#0 [internal function]: CodeIgniter\Debug\Exceptions->errorHandler(2, 'file_get_conten...', 'C:\\xampp\\htdocs...', 361, Array)
#1 C:\xampp\htdocs\poss\app\Controllers\Home.php(361): file_get_contents('C:\\xampp\\htdocs...')
#2 C:\xampp\htdocs\poss\system\CodeIgniter.php(832): App\Controllers\Home->cari_p()
#3 C:\xampp\htdocs\poss\system\CodeIgniter.php(419): CodeIgniter\CodeIgniter->runController(Object(App\Controllers\Home))
#4 C:\xampp\htdocs\poss\system\CodeIgniter.php(326): CodeIgniter\CodeIgniter->handleRequest(NULL, Object(Config\Cache), false)
#5 C:\xampp\htdocs\poss\public\index.php(37): CodeIgniter\CodeIgniter->run()
#6 C:\xampp\htdocs\poss\system\Commands\Server\rewrite.php(43): require_once('C:\\xampp\\htdocs...')
#7 {main}
CRITICAL - 2022-11-23 11:10:43 --> syntax error, unexpected end of file
#0 C:\xampp\htdocs\poss\system\Router\Router.php(175): CodeIgniter\Router\Router->autoRoute('Home/transaksi')
#1 C:\xampp\htdocs\poss\system\CodeIgniter.php(726): CodeIgniter\Router\Router->handle('Home/transaksi')
#2 C:\xampp\htdocs\poss\system\CodeIgniter.php(368): CodeIgniter\CodeIgniter->tryToRouteIt(Object(CodeIgniter\Router\RouteCollection))
#3 C:\xampp\htdocs\poss\system\CodeIgniter.php(326): CodeIgniter\CodeIgniter->handleRequest(NULL, Object(Config\Cache), false)
#4 C:\xampp\htdocs\poss\public\index.php(37): CodeIgniter\CodeIgniter->run()
#5 C:\xampp\htdocs\poss\system\Commands\Server\rewrite.php(43): require_once('C:\\xampp\\htdocs...')
#6 {main}
CRITICAL - 2022-11-23 11:15:45 --> Invalid argument supplied for foreach()
#0 C:\xampp\htdocs\poss\app\Views\c_pr.php(17): CodeIgniter\Debug\Exceptions->errorHandler(2, 'Invalid argumen...', 'C:\\xampp\\htdocs...', 17, Array)
#1 C:\xampp\htdocs\poss\system\View\View.php(210): include('C:\\xampp\\htdocs...')
#2 C:\xampp\htdocs\poss\system\View\View.php(213): CodeIgniter\View\View->CodeIgniter\View\{closure}()
#3 C:\xampp\htdocs\poss\system\Common.php(1089): CodeIgniter\View\View->render('c_pr', Array, true)
#4 C:\xampp\htdocs\poss\app\Controllers\Home.php(629): view('c_pr', Array)
#5 C:\xampp\htdocs\poss\system\CodeIgniter.php(832): App\Controllers\Home->pdf_b()
#6 C:\xampp\htdocs\poss\system\CodeIgniter.php(419): CodeIgniter\CodeIgniter->runController(Object(App\Controllers\Home))
#7 C:\xampp\htdocs\poss\system\CodeIgniter.php(326): CodeIgniter\CodeIgniter->handleRequest(NULL, Object(Config\Cache), false)
#8 C:\xampp\htdocs\poss\public\index.php(37): CodeIgniter\CodeIgniter->run()
#9 C:\xampp\htdocs\poss\system\Commands\Server\rewrite.php(43): require_once('C:\\xampp\\htdocs...')
#10 {main}
CRITICAL - 2022-11-23 11:17:35 --> Class 'App\Controllers\M_model' not found
#0 C:\xampp\htdocs\poss\system\CodeIgniter.php(832): App\Controllers\Home->excel_b()
#1 C:\xampp\htdocs\poss\system\CodeIgniter.php(419): CodeIgniter\CodeIgniter->runController(Object(App\Controllers\Home))
#2 C:\xampp\htdocs\poss\system\CodeIgniter.php(326): CodeIgniter\CodeIgniter->handleRequest(NULL, Object(Config\Cache), false)
#3 C:\xampp\htdocs\poss\public\index.php(37): CodeIgniter\CodeIgniter->run()
#4 C:\xampp\htdocs\poss\system\Commands\Server\rewrite.php(43): require_once('C:\\xampp\\htdocs...')
#5 {main}
ERROR - 2022-11-23 11:18:15 --> Table 'pointofsale.barang' doesn't exist
CRITICAL - 2022-11-23 11:18:15 --> Call to a member function getResult() on bool
#0 C:\xampp\htdocs\poss\app\Controllers\Home.php(664): App\Models\M_pj->filter2('barang', '', '')
#1 C:\xampp\htdocs\poss\system\CodeIgniter.php(832): App\Controllers\Home->excel_b()
#2 C:\xampp\htdocs\poss\system\CodeIgniter.php(419): CodeIgniter\CodeIgniter->runController(Object(App\Controllers\Home))
#3 C:\xampp\htdocs\poss\system\CodeIgniter.php(326): CodeIgniter\CodeIgniter->handleRequest(NULL, Object(Config\Cache), false)
#4 C:\xampp\htdocs\poss\public\index.php(37): CodeIgniter\CodeIgniter->run()
#5 C:\xampp\htdocs\poss\system\Commands\Server\rewrite.php(43): require_once('C:\\xampp\\htdocs...')
#6 {main}
ERROR - 2022-11-23 11:20:56 --> Table 'pointofsale.barang' doesn't exist
CRITICAL - 2022-11-23 11:20:56 --> Call to a member function getResult() on bool
#0 C:\xampp\htdocs\poss\app\Controllers\Home.php(664): App\Models\M_pj->filter2('barang', '', '')
#1 C:\xampp\htdocs\poss\system\CodeIgniter.php(832): App\Controllers\Home->excel_b()
#2 C:\xampp\htdocs\poss\system\CodeIgniter.php(419): CodeIgniter\CodeIgniter->runController(Object(App\Controllers\Home))
#3 C:\xampp\htdocs\poss\system\CodeIgniter.php(326): CodeIgniter\CodeIgniter->handleRequest(NULL, Object(Config\Cache), false)
#4 C:\xampp\htdocs\poss\public\index.php(37): CodeIgniter\CodeIgniter->run()
#5 C:\xampp\htdocs\poss\system\Commands\Server\rewrite.php(43): require_once('C:\\xampp\\htdocs...')
#6 {main}
CRITICAL - 2022-11-23 19:37:41 --> Invalid argument supplied for foreach()
#0 C:\xampp\htdocs\poss\app\Views\c_p.php(17): CodeIgniter\Debug\Exceptions->errorHandler(2, 'Invalid argumen...', 'C:\\xampp\\htdocs...', 17, Array)
#1 C:\xampp\htdocs\poss\system\View\View.php(210): include('C:\\xampp\\htdocs...')
#2 C:\xampp\htdocs\poss\system\View\View.php(213): CodeIgniter\View\View->CodeIgniter\View\{closure}()
#3 C:\xampp\htdocs\poss\system\Common.php(1089): CodeIgniter\View\View->render('c_p', Array, true)
#4 C:\xampp\htdocs\poss\app\Controllers\Home.php(589): view('c_p', Array)
#5 C:\xampp\htdocs\poss\system\CodeIgniter.php(832): App\Controllers\Home->pdf_p()
#6 C:\xampp\htdocs\poss\system\CodeIgniter.php(419): CodeIgniter\CodeIgniter->runController(Object(App\Controllers\Home))
#7 C:\xampp\htdocs\poss\system\CodeIgniter.php(326): CodeIgniter\CodeIgniter->handleRequest(NULL, Object(Config\Cache), false)
#8 C:\xampp\htdocs\poss\public\index.php(37): CodeIgniter\CodeIgniter->run()
#9 C:\xampp\htdocs\poss\system\Commands\Server\rewrite.php(43): require_once('C:\\xampp\\htdocs...')
#10 {main}
CRITICAL - 2022-11-23 21:41:05 --> syntax error, unexpected 'public' (T_PUBLIC)
#0 C:\xampp\htdocs\poss\system\Router\Router.php(175): CodeIgniter\Router\Router->autoRoute('Home/dashboard')
#1 C:\xampp\htdocs\poss\system\CodeIgniter.php(726): CodeIgniter\Router\Router->handle('Home/dashboard')
#2 C:\xampp\htdocs\poss\system\CodeIgniter.php(368): CodeIgniter\CodeIgniter->tryToRouteIt(Object(CodeIgniter\Router\RouteCollection))
#3 C:\xampp\htdocs\poss\system\CodeIgniter.php(326): CodeIgniter\CodeIgniter->handleRequest(NULL, Object(Config\Cache), false)
#4 C:\xampp\htdocs\poss\public\index.php(37): CodeIgniter\CodeIgniter->run()
#5 C:\xampp\htdocs\poss\system\Commands\Server\rewrite.php(43): require_once('C:\\xampp\\htdocs...')
#6 {main}
CRITICAL - 2022-11-23 21:56:02 --> syntax error, unexpected 'public' (T_PUBLIC)
#0 C:\xampp\htdocs\poss\system\Router\Router.php(175): CodeIgniter\Router\Router->autoRoute('Home/dashboard')
#1 C:\xampp\htdocs\poss\system\CodeIgniter.php(726): CodeIgniter\Router\Router->handle('Home/dashboard')
#2 C:\xampp\htdocs\poss\system\CodeIgniter.php(368): CodeIgniter\CodeIgniter->tryToRouteIt(Object(CodeIgniter\Router\RouteCollection))
#3 C:\xampp\htdocs\poss\system\CodeIgniter.php(326): CodeIgniter\CodeIgniter->handleRequest(NULL, Object(Config\Cache), false)
#4 C:\xampp\htdocs\poss\public\index.php(37): CodeIgniter\CodeIgniter->run()
#5 C:\xampp\htdocs\poss\system\Commands\Server\rewrite.php(43): require_once('C:\\xampp\\htdocs...')
#6 {main}
CRITICAL - 2022-11-23 21:56:05 --> syntax error, unexpected 'public' (T_PUBLIC)
#0 C:\xampp\htdocs\poss\system\Router\Router.php(175): CodeIgniter\Router\Router->autoRoute('Home/login')
#1 C:\xampp\htdocs\poss\system\CodeIgniter.php(726): CodeIgniter\Router\Router->handle('Home/login')
#2 C:\xampp\htdocs\poss\system\CodeIgniter.php(368): CodeIgniter\CodeIgniter->tryToRouteIt(Object(CodeIgniter\Router\RouteCollection))
#3 C:\xampp\htdocs\poss\system\CodeIgniter.php(326): CodeIgniter\CodeIgniter->handleRequest(NULL, Object(Config\Cache), false)
#4 C:\xampp\htdocs\poss\public\index.php(37): CodeIgniter\CodeIgniter->run()
#5 C:\xampp\htdocs\poss\system\Commands\Server\rewrite.php(43): require_once('C:\\xampp\\htdocs...')
#6 {main}
CRITICAL - 2022-11-23 21:58:26 --> syntax error, unexpected 'public' (T_PUBLIC)
#0 C:\xampp\htdocs\poss\system\Autoloader\Autoloader.php(241): CodeIgniter\Autoloader\Autoloader->includeFile('C:\\xampp\\htdocs...')
#1 C:\xampp\htdocs\poss\system\Autoloader\Autoloader.php(219): CodeIgniter\Autoloader\Autoloader->loadInNamespace('App\\Controllers...')
#2 [internal function]: CodeIgniter\Autoloader\Autoloader->loadClass('App\\Controllers...')
#3 [internal function]: spl_autoload_call('App\\Controllers...')
#4 C:\xampp\htdocs\poss\system\CodeIgniter.php(797): class_exists('\\App\\Controller...', true)
#5 C:\xampp\htdocs\poss\system\CodeIgniter.php(406): CodeIgniter\CodeIgniter->startController()
#6 C:\xampp\htdocs\poss\system\CodeIgniter.php(326): CodeIgniter\CodeIgniter->handleRequest(NULL, Object(Config\Cache), false)
#7 C:\xampp\htdocs\poss\public\index.php(37): CodeIgniter\CodeIgniter->run()
#8 C:\xampp\htdocs\poss\system\Commands\Server\rewrite.php(43): require_once('C:\\xampp\\htdocs...')
#9 {main}
CRITICAL - 2022-11-23 22:07:14 --> syntax error, unexpected 'public' (T_PUBLIC), expecting end of file
#0 C:\xampp\htdocs\poss\system\Autoloader\Autoloader.php(241): CodeIgniter\Autoloader\Autoloader->includeFile('C:\\xampp\\htdocs...')
#1 C:\xampp\htdocs\poss\system\Autoloader\Autoloader.php(219): CodeIgniter\Autoloader\Autoloader->loadInNamespace('App\\Controllers...')
#2 [internal function]: CodeIgniter\Autoloader\Autoloader->loadClass('App\\Controllers...')
#3 [internal function]: spl_autoload_call('App\\Controllers...')
#4 C:\xampp\htdocs\poss\system\CodeIgniter.php(797): class_exists('\\App\\Controller...', true)
#5 C:\xampp\htdocs\poss\system\CodeIgniter.php(406): CodeIgniter\CodeIgniter->startController()
#6 C:\xampp\htdocs\poss\system\CodeIgniter.php(326): CodeIgniter\CodeIgniter->handleRequest(NULL, Object(Config\Cache), false)
#7 C:\xampp\htdocs\poss\public\index.php(37): CodeIgniter\CodeIgniter->run()
#8 C:\xampp\htdocs\poss\system\Commands\Server\rewrite.php(43): require_once('C:\\xampp\\htdocs...')
#9 {main}
CRITICAL - 2022-11-23 22:16:42 --> You must set the database table to be used with your query.
#0 C:\xampp\htdocs\poss\system\Model.php(545): CodeIgniter\Database\BaseConnection->table(NULL)
#1 C:\xampp\htdocs\poss\system\Model.php(722): CodeIgniter\Model->builder()
#2 C:\xampp\htdocs\poss\app\Controllers\Home.php(77): CodeIgniter\Model->__call('getWhere', Array)
#3 C:\xampp\htdocs\poss\system\CodeIgniter.php(832): App\Controllers\Home->aksi_login()
#4 C:\xampp\htdocs\poss\system\CodeIgniter.php(419): CodeIgniter\CodeIgniter->runController(Object(App\Controllers\Home))
#5 C:\xampp\htdocs\poss\system\CodeIgniter.php(326): CodeIgniter\CodeIgniter->handleRequest(NULL, Object(Config\Cache), false)
#6 C:\xampp\htdocs\poss\public\index.php(37): CodeIgniter\CodeIgniter->run()
#7 C:\xampp\htdocs\poss\system\Commands\Server\rewrite.php(43): require_once('C:\\xampp\\htdocs...')
#8 {main}
CRITICAL - 2022-11-23 22:18:26 --> You must set the database table to be used with your query.
#0 C:\xampp\htdocs\poss\system\Model.php(545): CodeIgniter\Database\BaseConnection->table(NULL)
#1 C:\xampp\htdocs\poss\system\Model.php(722): CodeIgniter\Model->builder()
#2 C:\xampp\htdocs\poss\app\Controllers\Home.php(77): CodeIgniter\Model->__call('getWhere', Array)
#3 C:\xampp\htdocs\poss\system\CodeIgniter.php(832): App\Controllers\Home->aksi_login()
#4 C:\xampp\htdocs\poss\system\CodeIgniter.php(419): CodeIgniter\CodeIgniter->runController(Object(App\Controllers\Home))
#5 C:\xampp\htdocs\poss\system\CodeIgniter.php(326): CodeIgniter\CodeIgniter->handleRequest(NULL, Object(Config\Cache), false)
#6 C:\xampp\htdocs\poss\public\index.php(37): CodeIgniter\CodeIgniter->run()
#7 C:\xampp\htdocs\poss\system\Commands\Server\rewrite.php(43): require_once('C:\\xampp\\htdocs...')
#8 {main}
CRITICAL - 2022-11-23 22:18:34 --> You must set the database table to be used with your query.
#0 C:\xampp\htdocs\poss\system\Model.php(545): CodeIgniter\Database\BaseConnection->table(NULL)
#1 C:\xampp\htdocs\poss\system\Model.php(722): CodeIgniter\Model->builder()
#2 C:\xampp\htdocs\poss\app\Controllers\Home.php(77): CodeIgniter\Model->__call('getWhere', Array)
#3 C:\xampp\htdocs\poss\system\CodeIgniter.php(832): App\Controllers\Home->aksi_login()
#4 C:\xampp\htdocs\poss\system\CodeIgniter.php(419): CodeIgniter\CodeIgniter->runController(Object(App\Controllers\Home))
#5 C:\xampp\htdocs\poss\system\CodeIgniter.php(326): CodeIgniter\CodeIgniter->handleRequest(NULL, Object(Config\Cache), false)
#6 C:\xampp\htdocs\poss\public\index.php(37): CodeIgniter\CodeIgniter->run()
#7 C:\xampp\htdocs\poss\system\Commands\Server\rewrite.php(43): require_once('C:\\xampp\\htdocs...')
#8 {main}
CRITICAL - 2022-11-23 22:19:40 --> You must set the database table to be used with your query.
#0 C:\xampp\htdocs\poss\system\Model.php(545): CodeIgniter\Database\BaseConnection->table(NULL)
#1 C:\xampp\htdocs\poss\system\Model.php(722): CodeIgniter\Model->builder()
#2 C:\xampp\htdocs\poss\app\Controllers\Home.php(77): CodeIgniter\Model->__call('getWhere', Array)
#3 C:\xampp\htdocs\poss\system\CodeIgniter.php(832): App\Controllers\Home->aksi_login()
#4 C:\xampp\htdocs\poss\system\CodeIgniter.php(419): CodeIgniter\CodeIgniter->runController(Object(App\Controllers\Home))
#5 C:\xampp\htdocs\poss\system\CodeIgniter.php(326): CodeIgniter\CodeIgniter->handleRequest(NULL, Object(Config\Cache), false)
#6 C:\xampp\htdocs\poss\public\index.php(37): CodeIgniter\CodeIgniter->run()
#7 C:\xampp\htdocs\poss\system\Commands\Server\rewrite.php(43): require_once('C:\\xampp\\htdocs...')
#8 {main}
CRITICAL - 2022-11-23 22:21:43 --> You must set the database table to be used with your query.
#0 C:\xampp\htdocs\poss\system\Model.php(545): CodeIgniter\Database\BaseConnection->table(NULL)
#1 C:\xampp\htdocs\poss\system\Model.php(722): CodeIgniter\Model->builder()
#2 C:\xampp\htdocs\poss\app\Controllers\Home.php(77): CodeIgniter\Model->__call('getWhere', Array)
#3 C:\xampp\htdocs\poss\system\CodeIgniter.php(832): App\Controllers\Home->aksi_login()
#4 C:\xampp\htdocs\poss\system\CodeIgniter.php(419): CodeIgniter\CodeIgniter->runController(Object(App\Controllers\Home))
#5 C:\xampp\htdocs\poss\system\CodeIgniter.php(326): CodeIgniter\CodeIgniter->handleRequest(NULL, Object(Config\Cache), false)
#6 C:\xampp\htdocs\poss\public\index.php(37): CodeIgniter\CodeIgniter->run()
#7 C:\xampp\htdocs\poss\system\Commands\Server\rewrite.php(43): require_once('C:\\xampp\\htdocs...')
#8 {main}
CRITICAL - 2022-11-23 22:32:23 --> Invalid argument supplied for foreach()
#0 C:\xampp\htdocs\poss\app\Views\c_pr.php(17): CodeIgniter\Debug\Exceptions->errorHandler(2, 'Invalid argumen...', 'C:\\xampp\\htdocs...', 17, Array)
#1 C:\xampp\htdocs\poss\system\View\View.php(210): include('C:\\xampp\\htdocs...')
#2 C:\xampp\htdocs\poss\system\View\View.php(213): CodeIgniter\View\View->CodeIgniter\View\{closure}()
#3 C:\xampp\htdocs\poss\system\Common.php(1089): CodeIgniter\View\View->render('c_pr', Array, true)
#4 C:\xampp\htdocs\poss\app\Controllers\Home.php(639): view('c_pr', Array)
#5 C:\xampp\htdocs\poss\system\CodeIgniter.php(832): App\Controllers\Home->pdf_b()
#6 C:\xampp\htdocs\poss\system\CodeIgniter.php(419): CodeIgniter\CodeIgniter->runController(Object(App\Controllers\Home))
#7 C:\xampp\htdocs\poss\system\CodeIgniter.php(326): CodeIgniter\CodeIgniter->handleRequest(NULL, Object(Config\Cache), false)
#8 C:\xampp\htdocs\poss\public\index.php(37): CodeIgniter\CodeIgniter->run()
#9 C:\xampp\htdocs\poss\system\Commands\Server\rewrite.php(43): require_once('C:\\xampp\\htdocs...')
#10 {main}
CRITICAL - 2022-11-23 22:32:37 --> Invalid argument supplied for foreach()
#0 C:\xampp\htdocs\poss\app\Views\c_pr.php(17): CodeIgniter\Debug\Exceptions->errorHandler(2, 'Invalid argumen...', 'C:\\xampp\\htdocs...', 17, Array)
#1 C:\xampp\htdocs\poss\system\View\View.php(210): include('C:\\xampp\\htdocs...')
#2 C:\xampp\htdocs\poss\system\View\View.php(213): CodeIgniter\View\View->CodeIgniter\View\{closure}()
#3 C:\xampp\htdocs\poss\system\Common.php(1089): CodeIgniter\View\View->render('c_pr', Array, true)
#4 C:\xampp\htdocs\poss\app\Controllers\Home.php(639): view('c_pr', Array)
#5 C:\xampp\htdocs\poss\system\CodeIgniter.php(832): App\Controllers\Home->pdf_b()
#6 C:\xampp\htdocs\poss\system\CodeIgniter.php(419): CodeIgniter\CodeIgniter->runController(Object(App\Controllers\Home))
#7 C:\xampp\htdocs\poss\system\CodeIgniter.php(326): CodeIgniter\CodeIgniter->handleRequest(NULL, Object(Config\Cache), false)
#8 C:\xampp\htdocs\poss\public\index.php(37): CodeIgniter\CodeIgniter->run()
#9 C:\xampp\htdocs\poss\system\Commands\Server\rewrite.php(43): require_once('C:\\xampp\\htdocs...')
#10 {main}
ERROR - 2022-11-23 22:43:58 --> Table 'pointofsale.barang' doesn't exist
CRITICAL - 2022-11-23 22:43:58 --> Call to a member function getResult() on bool
#0 C:\xampp\htdocs\poss\app\Controllers\Home.php(674): App\Models\M_pj->filter2('barang', '', '')
#1 C:\xampp\htdocs\poss\system\CodeIgniter.php(832): App\Controllers\Home->excel_b()
#2 C:\xampp\htdocs\poss\system\CodeIgniter.php(419): CodeIgniter\CodeIgniter->runController(Object(App\Controllers\Home))
#3 C:\xampp\htdocs\poss\system\CodeIgniter.php(326): CodeIgniter\CodeIgniter->handleRequest(NULL, Object(Config\Cache), false)
#4 C:\xampp\htdocs\poss\public\index.php(37): CodeIgniter\CodeIgniter->run()
#5 C:\xampp\htdocs\poss\system\Commands\Server\rewrite.php(43): require_once('C:\\xampp\\htdocs...')
#6 {main}
CRITICAL - 2022-11-23 22:50:15 --> Class 'App\Controllers\M_model' not found
#0 C:\xampp\htdocs\poss\system\CodeIgniter.php(832): App\Controllers\Home->excel_b()
#1 C:\xampp\htdocs\poss\system\CodeIgniter.php(419): CodeIgniter\CodeIgniter->runController(Object(App\Controllers\Home))
#2 C:\xampp\htdocs\poss\system\CodeIgniter.php(326): CodeIgniter\CodeIgniter->handleRequest(NULL, Object(Config\Cache), false)
#3 C:\xampp\htdocs\poss\public\index.php(37): CodeIgniter\CodeIgniter->run()
#4 C:\xampp\htdocs\poss\system\Commands\Server\rewrite.php(43): require_once('C:\\xampp\\htdocs...')
#5 {main}
CRITICAL - 2022-11-23 23:39:57 --> Invalid file: dashboard.php
#0 C:\xampp\htdocs\poss\system\View\View.php(198): CodeIgniter\Exceptions\FrameworkException::forInvalidFile('dashboard.php')
#1 C:\xampp\htdocs\poss\system\Common.php(1089): CodeIgniter\View\View->render('dashboard', Array, true)
#2 C:\xampp\htdocs\poss\app\Controllers\Home.php(22): view('dashboard', Array)
#3 C:\xampp\htdocs\poss\system\CodeIgniter.php(832): App\Controllers\Home->index()
#4 C:\xampp\htdocs\poss\system\CodeIgniter.php(419): CodeIgniter\CodeIgniter->runController(Object(App\Controllers\Home))
#5 C:\xampp\htdocs\poss\system\CodeIgniter.php(326): CodeIgniter\CodeIgniter->handleRequest(NULL, Object(Config\Cache), false)
#6 C:\xampp\htdocs\poss\public\index.php(37): CodeIgniter\CodeIgniter->run()
#7 C:\xampp\htdocs\poss\system\Commands\Server\rewrite.php(43): require_once('C:\\xampp\\htdocs...')
#8 {main}
CRITICAL - 2022-11-23 23:41:10 --> Invalid file: dashboard.php
#0 C:\xampp\htdocs\poss\system\View\View.php(198): CodeIgniter\Exceptions\FrameworkException::forInvalidFile('dashboard.php')
#1 C:\xampp\htdocs\poss\system\Common.php(1089): CodeIgniter\View\View->render('dashboard', Array, true)
#2 C:\xampp\htdocs\poss\app\Controllers\Home.php(22): view('dashboard', Array)
#3 C:\xampp\htdocs\poss\system\CodeIgniter.php(832): App\Controllers\Home->index()
#4 C:\xampp\htdocs\poss\system\CodeIgniter.php(419): CodeIgniter\CodeIgniter->runController(Object(App\Controllers\Home))
#5 C:\xampp\htdocs\poss\system\CodeIgniter.php(326): CodeIgniter\CodeIgniter->handleRequest(NULL, Object(Config\Cache), false)
#6 C:\xampp\htdocs\poss\public\index.php(37): CodeIgniter\CodeIgniter->run()
#7 C:\xampp\htdocs\poss\system\Commands\Server\rewrite.php(43): require_once('C:\\xampp\\htdocs...')
#8 {main}
CRITICAL - 2022-11-23 23:42:02 --> Invalid file: dashboard.php
#0 C:\xampp\htdocs\poss\system\View\View.php(198): CodeIgniter\Exceptions\FrameworkException::forInvalidFile('dashboard.php')
#1 C:\xampp\htdocs\poss\system\Common.php(1089): CodeIgniter\View\View->render('dashboard', Array, true)
#2 C:\xampp\htdocs\poss\app\Controllers\Home.php(22): view('dashboard', Array)
#3 C:\xampp\htdocs\poss\system\CodeIgniter.php(832): App\Controllers\Home->index()
#4 C:\xampp\htdocs\poss\system\CodeIgniter.php(419): CodeIgniter\CodeIgniter->runController(Object(App\Controllers\Home))
#5 C:\xampp\htdocs\poss\system\CodeIgniter.php(326): CodeIgniter\CodeIgniter->handleRequest(NULL, Object(Config\Cache), false)
#6 C:\xampp\htdocs\poss\public\index.php(37): CodeIgniter\CodeIgniter->run()
#7 C:\xampp\htdocs\poss\system\Commands\Server\rewrite.php(43): require_once('C:\\xampp\\htdocs...')
#8 {main}
